TpTrace Verbose: 0 : 11676, 1, 2023/06/27, 04:22:59.456, 286973768369, vstest.console.dll, Version: 17.5.0-release-20221220-01 Current process architecture: X64
TpTrace Verbose: 0 : 11676, 1, 2023/06/27, 04:22:59.459, 286973797244, vstest.console.dll, Runtime location: C:\Program Files\dotnet\shared\Microsoft.NETCore.App\7.0.5
TpTrace Verbose: 0 : 11676, 1, 2023/06/27, 04:22:59.463, 286973833954, vstest.console.dll, ArtifactProcessingPostProcessModeProcessorExecutor.Initialize: ArtifactProcessingMode.Collect
TpTrace Verbose: 0 : 11676, 1, 2023/06/27, 04:22:59.463, 286973835617, vstest.console.dll, TestSessionCorrelationIdProcessorModeProcessorExecutor.Initialize: TestSessionCorrelationId '23124_5b2350e3-9df8-4b19-9e99-ea8131172dab'
TpTrace Information: 0 : 11676, 1, 2023/06/27, 04:22:59.472, 286973924043, vstest.console.dll, FilePatternParser: The given file D:\GitHub\course_work_2\MusicSchoolEF\TestProject1\bin\Debug\net6.0\fine-code-coverage\build-output\TestProject1.dll is a full path.
TpTrace Verbose: 0 : 11676, 1, 2023/06/27, 04:22:59.480, 286974004180, vstest.console.dll, TestPluginCache.DiscoverTestExtensions: finding test extensions in assemblies ends with: RuntimeProvider.dll TPluginInfo: Microsoft.VisualStudio.TestPlatform.Common.ExtensionFramework.Utilities.TestRuntimePluginInformation TExtension: Microsoft.VisualStudio.TestPlatform.ObjectModel.Host.ITestRuntimeProvider
TpTrace Verbose: 0 : 11676, 1, 2023/06/27, 04:22:59.481, 286974014874, vstest.console.dll, TestPluginCache.GetExtensionPaths: Filtered extension paths: 
TpTrace Verbose: 0 : 11676, 1, 2023/06/27, 04:22:59.481, 286974016010, vstest.console.dll, TestPluginCache.GetExtensionPaths: Added default extension paths: C:\Program Files\dotnet\sdk\7.0.203\Extensions\Microsoft.Diagnostics.NETCore.Client.dll
C:\Program Files\dotnet\sdk\7.0.203\Extensions\Microsoft.TestPlatform.Extensions.BlameDataCollector.dll
C:\Program Files\dotnet\sdk\7.0.203\Extensions\Microsoft.TestPlatform.Extensions.EventLogCollector.dll
C:\Program Files\dotnet\sdk\7.0.203\Extensions\Microsoft.TestPlatform.TestHostRuntimeProvider.dll
C:\Program Files\dotnet\sdk\7.0.203\Extensions\Microsoft.VisualStudio.TestPlatform.Extensions.Html.TestLogger.dll
C:\Program Files\dotnet\sdk\7.0.203\Extensions\Microsoft.VisualStudio.TestPlatform.Extensions.Trx.TestLogger.dll
TpTrace Verbose: 0 : 11676, 1, 2023/06/27, 04:22:59.481, 286974016229, vstest.console.dll, TestPluginCache.GetExtensionPaths: Added unfilterableExtensionPaths: 
TpTrace Information: 0 : 11676, 1, 2023/06/27, 04:22:59.482, 286974023228, vstest.console.dll, AssemblyResolver.ctor: Creating AssemblyResolver with searchDirectories C:\Program Files\dotnet\sdk\7.0.203\Extensions,C:\Program Files\dotnet\sdk\7.0.203
TpTrace Verbose: 0 : 11676, 1, 2023/06/27, 04:22:59.483, 286974031961, vstest.console.dll, TestPluginCache.DiscoverTestExtensions: Discovering the extensions using extension path.
TpTrace Verbose: 0 : 11676, 1, 2023/06/27, 04:22:59.483, 286974033470, vstest.console.dll, TestPluginCache.GetExtensionPaths: Filtered extension paths: 
TpTrace Verbose: 0 : 11676, 1, 2023/06/27, 04:22:59.483, 286974033774, vstest.console.dll, TestPluginCache.GetExtensionPaths: Added default extension paths: C:\Program Files\dotnet\sdk\7.0.203\Extensions\Microsoft.Diagnostics.NETCore.Client.dll
C:\Program Files\dotnet\sdk\7.0.203\Extensions\Microsoft.TestPlatform.Extensions.BlameDataCollector.dll
C:\Program Files\dotnet\sdk\7.0.203\Extensions\Microsoft.TestPlatform.Extensions.EventLogCollector.dll
C:\Program Files\dotnet\sdk\7.0.203\Extensions\Microsoft.TestPlatform.TestHostRuntimeProvider.dll
C:\Program Files\dotnet\sdk\7.0.203\Extensions\Microsoft.VisualStudio.TestPlatform.Extensions.Html.TestLogger.dll
C:\Program Files\dotnet\sdk\7.0.203\Extensions\Microsoft.VisualStudio.TestPlatform.Extensions.Trx.TestLogger.dll
TpTrace Verbose: 0 : 11676, 1, 2023/06/27, 04:22:59.483, 286974033959, vstest.console.dll, TestPluginCache.GetExtensionPaths: Added unfilterableExtensionPaths: 
TpTrace Verbose: 0 : 11676, 1, 2023/06/27, 04:22:59.483, 286974034777, vstest.console.dll, TestPluginCache.DiscoverTestExtensions: Discovering the extensions using allExtensionPaths: C:\Program Files\dotnet\sdk\7.0.203\Extensions\Microsoft.Diagnostics.NETCore.Client.dll
C:\Program Files\dotnet\sdk\7.0.203\Extensions\Microsoft.TestPlatform.Extensions.BlameDataCollector.dll
C:\Program Files\dotnet\sdk\7.0.203\Extensions\Microsoft.TestPlatform.Extensions.EventLogCollector.dll
C:\Program Files\dotnet\sdk\7.0.203\Extensions\Microsoft.TestPlatform.TestHostRuntimeProvider.dll
C:\Program Files\dotnet\sdk\7.0.203\Extensions\Microsoft.VisualStudio.TestPlatform.Extensions.Html.TestLogger.dll
C:\Program Files\dotnet\sdk\7.0.203\Extensions\Microsoft.VisualStudio.TestPlatform.Extensions.Trx.TestLogger.dll
TpTrace Information: 0 : 11676, 1, 2023/06/27, 04:22:59.483, 286974036272, vstest.console.dll, AssemblyResolver.AddSearchDirectories: Adding more searchDirectories C:\Program Files\dotnet\sdk\7.0.203\Extensions,C:\Program Files\dotnet\sdk\7.0.203
TpTrace Information: 0 : 11676, 1, 2023/06/27, 04:22:59.483, 286974036814, vstest.console.dll, AssemblyResolver.AddSearchDirectories: Adding more searchDirectories C:\Program Files\dotnet\sdk\7.0.203\Extensions,C:\Program Files\dotnet\sdk\7.0.203
TpTrace Information: 0 : 11676, 1, 2023/06/27, 04:22:59.483, 286974037059, vstest.console.dll, AssemblyResolver.AddSearchDirectories: Adding more searchDirectories C:\Program Files\dotnet\sdk\7.0.203\Extensions,C:\Program Files\dotnet\sdk\7.0.203
TpTrace Information: 0 : 11676, 1, 2023/06/27, 04:22:59.483, 286974037234, vstest.console.dll, AssemblyResolver.AddSearchDirectories: Adding more searchDirectories C:\Program Files\dotnet\sdk\7.0.203\Extensions,C:\Program Files\dotnet\sdk\7.0.203
TpTrace Information: 0 : 11676, 1, 2023/06/27, 04:22:59.483, 286974037402, vstest.console.dll, AssemblyResolver.AddSearchDirectories: Adding more searchDirectories C:\Program Files\dotnet\sdk\7.0.203\Extensions,C:\Program Files\dotnet\sdk\7.0.203
TpTrace Information: 0 : 11676, 1, 2023/06/27, 04:22:59.483, 286974037593, vstest.console.dll, AssemblyResolver.AddSearchDirectories: Adding more searchDirectories C:\Program Files\dotnet\sdk\7.0.203\Extensions,C:\Program Files\dotnet\sdk\7.0.203
TpTrace Information: 0 : 11676, 1, 2023/06/27, 04:22:59.484, 286974040526, vstest.console.dll, AssemblyResolver.OnResolve: Microsoft.Diagnostics.NETCore.Client: Resolving assembly.
TpTrace Information: 0 : 11676, 1, 2023/06/27, 04:22:59.484, 286974041249, vstest.console.dll, AssemblyResolver.OnResolve: Microsoft.Diagnostics.NETCore.Client: Searching in: 'C:\Program Files\dotnet\sdk\7.0.203\Extensions'.
TpTrace Information: 0 : 11676, 1, 2023/06/27, 04:22:59.496, 286974168828, vstest.console.dll, AssemblyResolver.OnResolve: Microsoft.Diagnostics.NETCore.Client: Loading assembly 'C:\Program Files\dotnet\sdk\7.0.203\Extensions\Microsoft.Diagnostics.NETCore.Client.dll'.
TpTrace Information: 0 : 11676, 1, 2023/06/27, 04:22:59.498, 286974181723, vstest.console.dll, AssemblyResolver.OnResolve: Resolved assembly: Microsoft.Diagnostics.NETCore.Client, from path: C:\Program Files\dotnet\sdk\7.0.203\Extensions\Microsoft.Diagnostics.NETCore.Client.dll
TpTrace Verbose: 0 : 11676, 1, 2023/06/27, 04:22:59.499, 286974190938, vstest.console.dll, MetadataReaderExtensionsHelper: Discovering extensions inside assembly 'Microsoft.Diagnostics.NETCore.Client, Version=0.2.6.42401, Culture=neutral, PublicKeyToken=31bf3856ad364e35' file path 'C:\Program Files\dotnet\sdk\7.0.203\Extensions\Microsoft.Diagnostics.NETCore.Client.dll'
TpTrace Information: 0 : 11676, 1, 2023/06/27, 04:22:59.501, 286974220079, vstest.console.dll, AssemblyResolver.OnResolve: Microsoft.Bcl.AsyncInterfaces: Resolving assembly.
TpTrace Information: 0 : 11676, 1, 2023/06/27, 04:22:59.502, 286974221025, vstest.console.dll, AssemblyResolver.OnResolve: Microsoft.Bcl.AsyncInterfaces: Searching in: 'C:\Program Files\dotnet\sdk\7.0.203\Extensions'.
TpTrace Information: 0 : 11676, 1, 2023/06/27, 04:22:59.502, 286974221589, vstest.console.dll, AssemblyResolver.OnResolve: Microsoft.Bcl.AsyncInterfaces: Assembly path does not exist: 'C:\Program Files\dotnet\sdk\7.0.203\Extensions\Microsoft.Bcl.AsyncInterfaces.dll', returning.
TpTrace Information: 0 : 11676, 1, 2023/06/27, 04:22:59.502, 286974222399, vstest.console.dll, AssemblyResolver.OnResolve: Microsoft.Bcl.AsyncInterfaces: Assembly path does not exist: 'C:\Program Files\dotnet\sdk\7.0.203\Extensions\Microsoft.Bcl.AsyncInterfaces.exe', returning.
TpTrace Information: 0 : 11676, 1, 2023/06/27, 04:22:59.502, 286974222608, vstest.console.dll, AssemblyResolver.OnResolve: Microsoft.Bcl.AsyncInterfaces: Searching in: 'C:\Program Files\dotnet\sdk\7.0.203'.
TpTrace Information: 0 : 11676, 1, 2023/06/27, 04:22:59.502, 286974222957, vstest.console.dll, AssemblyResolver.OnResolve: Microsoft.Bcl.AsyncInterfaces: Assembly path does not exist: 'C:\Program Files\dotnet\sdk\7.0.203\Microsoft.Bcl.AsyncInterfaces.dll', returning.
TpTrace Information: 0 : 11676, 1, 2023/06/27, 04:22:59.502, 286974223265, vstest.console.dll, AssemblyResolver.OnResolve: Microsoft.Bcl.AsyncInterfaces: Assembly path does not exist: 'C:\Program Files\dotnet\sdk\7.0.203\Microsoft.Bcl.AsyncInterfaces.exe', returning.
TpTrace Information: 0 : 11676, 1, 2023/06/27, 04:22:59.502, 286974223433, vstest.console.dll, AssemblyResolver.OnResolve: Microsoft.Bcl.AsyncInterfaces: Failed to load assembly.
TpTrace Verbose: 0 : 11676, 1, 2023/06/27, 04:22:59.502, 286974223693, vstest.console.dll, CurrentDomainAssemblyResolve: Resolving assembly 'Microsoft.Bcl.AsyncInterfaces'.
TpTrace Information: 0 : 11676, 1, 2023/06/27, 04:22:59.502, 286974224093, vstest.console.dll, AssemblyResolver.OnResolve: Microsoft.Bcl.AsyncInterfaces: Resolving assembly.
TpTrace Information: 0 : 11676, 1, 2023/06/27, 04:22:59.502, 286974224345, vstest.console.dll, AssemblyResolver.OnResolve: Microsoft.Bcl.AsyncInterfaces: Resolved from cache.
TpTrace Verbose: 0 : 11676, 1, 2023/06/27, 04:22:59.502, 286974224504, vstest.console.dll, CurrentDomainAssemblyResolve: Resolving assembly 'Microsoft.Bcl.AsyncInterfaces'.
TpTrace Verbose: 0 : 11676, 1, 2023/06/27, 04:22:59.502, 286974224724, vstest.console.dll, CurrentDomainAssemblyResolve: Failed to resolve assembly 'Microsoft.Bcl.AsyncInterfaces'.
TpTrace Verbose: 0 : 11676, 1, 2023/06/27, 04:22:59.507, 286974274532, vstest.console.dll, CurrentDomainAssemblyResolve: Failed to resolve assembly 'Microsoft.Bcl.AsyncInterfaces'.
TpTrace Warning: 0 : 11676, 1, 2023/06/27, 04:22:59.517, 286974371918, vstest.console.dll, TestPluginDiscoverer: Failed to get types from assembly 'Microsoft.Diagnostics.NETCore.Client, Version=0.2.6.42401, Culture=neutral, PublicKeyToken=31bf3856ad364e35'. Error: System.Reflection.ReflectionTypeLoadException: Unable to load one or more of the requested types.
Could not load file or assembly 'Microsoft.Bcl.AsyncInterfaces, Version=1.0.0.0, Culture=neutral, PublicKeyToken=cc7b13ffcd2ddd51'. Не удается найти указанный файл.
   at System.Reflection.RuntimeModule.GetTypes(RuntimeModule module)
   at System.Reflection.Assembly.GetTypes()
   at Microsoft.VisualStudio.TestPlatform.Common.ExtensionFramework.TestPluginDiscoverer.GetTestExtensionsFromAssembly[TPluginInfo,TExtension](Assembly assembly, Dictionary`2 pluginInfos, String filePath)
System.IO.FileNotFoundException: Could not load file or assembly 'Microsoft.Bcl.AsyncInterfaces, Version=1.0.0.0, Culture=neutral, PublicKeyToken=cc7b13ffcd2ddd51'. Не удается найти указанный файл.
File name: 'Microsoft.Bcl.AsyncInterfaces, Version=1.0.0.0, Culture=neutral, PublicKeyToken=cc7b13ffcd2ddd51'
 ---> System.IO.FileNotFoundException: Could not load file or assembly 'Microsoft.Bcl.AsyncInterfaces, Culture=neutral, PublicKeyToken=null'. Не удается найти указанный файл.
File name: 'Microsoft.Bcl.AsyncInterfaces, Culture=neutral, PublicKeyToken=null'
   at System.Reflection.RuntimeAssembly.InternalLoad(AssemblyName assemblyName, StackCrawlMark& stackMark, AssemblyLoadContext assemblyLoadContext, RuntimeAssembly requestingAssembly, Boolean throwOnFileNotFound)
   at System.Reflection.Assembly.Load(AssemblyName assemblyRef)
   at Microsoft.VisualStudio.TestPlatform.Common.ExtensionFramework.TestPluginCache.CurrentDomainAssemblyResolve(Object sender, AssemblyResolveEventArgs args)
   at System.Runtime.Loader.AssemblyLoadContext.GetFirstResolvedAssemblyFromResolvingEvent(AssemblyName assemblyName)
   at System.Runtime.Loader.AssemblyLoadContext.ResolveUsingEvent(AssemblyName assemblyName)
   at System.Runtime.Loader.AssemblyLoadContext.ResolveUsingResolvingEvent(IntPtr gchManagedAssemblyLoadContext, AssemblyName assemblyName)
TpTrace Warning: 0 : 11676, 1, 2023/06/27, 04:22:59.517, 286974375094, vstest.console.dll, LoaderExceptions: System.IO.FileNotFoundException: Could not load file or assembly 'Microsoft.Bcl.AsyncInterfaces, Version=1.0.0.0, Culture=neutral, PublicKeyToken=cc7b13ffcd2ddd51'. Не удается найти указанный файл.
File name: 'Microsoft.Bcl.AsyncInterfaces, Version=1.0.0.0, Culture=neutral, PublicKeyToken=cc7b13ffcd2ddd51'
 ---> System.IO.FileNotFoundException: Could not load file or assembly 'Microsoft.Bcl.AsyncInterfaces, Culture=neutral, PublicKeyToken=null'. Не удается найти указанный файл.
File name: 'Microsoft.Bcl.AsyncInterfaces, Culture=neutral, PublicKeyToken=null'
   at System.Reflection.RuntimeAssembly.InternalLoad(AssemblyName assemblyName, StackCrawlMark& stackMark, AssemblyLoadContext assemblyLoadContext, RuntimeAssembly requestingAssembly, Boolean throwOnFileNotFound)
   at System.Reflection.Assembly.Load(AssemblyName assemblyRef)
   at Microsoft.VisualStudio.TestPlatform.Common.ExtensionFramework.TestPluginCache.CurrentDomainAssemblyResolve(Object sender, AssemblyResolveEventArgs args)
   at System.Runtime.Loader.AssemblyLoadContext.GetFirstResolvedAssemblyFromResolvingEvent(AssemblyName assemblyName)
   at System.Runtime.Loader.AssemblyLoadContext.ResolveUsingEvent(AssemblyName assemblyName)
   at System.Runtime.Loader.AssemblyLoadContext.ResolveUsingResolvingEvent(IntPtr gchManagedAssemblyLoadContext, AssemblyName assemblyName)
TpTrace Information: 0 : 11676, 1, 2023/06/27, 04:22:59.517, 286974376426, vstest.console.dll, AssemblyResolver.OnResolve: Microsoft.TestPlatform.Extensions.BlameDataCollector: Resolving assembly.
TpTrace Information: 0 : 11676, 1, 2023/06/27, 04:22:59.517, 286974376853, vstest.console.dll, AssemblyResolver.OnResolve: Microsoft.TestPlatform.Extensions.BlameDataCollector: Searching in: 'C:\Program Files\dotnet\sdk\7.0.203\Extensions'.
TpTrace Information: 0 : 11676, 1, 2023/06/27, 04:22:59.518, 286974384215, vstest.console.dll, AssemblyResolver.OnResolve: Microsoft.TestPlatform.Extensions.BlameDataCollector: Loading assembly 'C:\Program Files\dotnet\sdk\7.0.203\Extensions\Microsoft.TestPlatform.Extensions.BlameDataCollector.dll'.
TpTrace Information: 0 : 11676, 1, 2023/06/27, 04:22:59.519, 286974390509, vstest.console.dll, AssemblyResolver.OnResolve: Resolved assembly: Microsoft.TestPlatform.Extensions.BlameDataCollector, from path: C:\Program Files\dotnet\sdk\7.0.203\Extensions\Microsoft.TestPlatform.Extensions.BlameDataCollector.dll
TpTrace Verbose: 0 : 11676, 1, 2023/06/27, 04:22:59.519, 286974391197, vstest.console.dll, MetadataReaderExtensionsHelper: Discovering extensions inside assembly 'Microsoft.TestPlatform.Extensions.BlameDataCollector, Version=15.0.0.0, Culture=neutral, PublicKeyToken=b03f5f7f11d50a3a' file path 'C:\Program Files\dotnet\sdk\7.0.203\Extensions\Microsoft.TestPlatform.Extensions.BlameDataCollector.dll'
TpTrace Information: 0 : 11676, 1, 2023/06/27, 04:22:59.520, 286974409812, vstest.console.dll, AssemblyResolver.OnResolve: Microsoft.TestPlatform.Extensions.EventLogCollector: Resolving assembly.
TpTrace Information: 0 : 11676, 1, 2023/06/27, 04:22:59.521, 286974410881, vstest.console.dll, AssemblyResolver.OnResolve: Microsoft.TestPlatform.Extensions.EventLogCollector: Searching in: 'C:\Program Files\dotnet\sdk\7.0.203\Extensions'.
TpTrace Information: 0 : 11676, 1, 2023/06/27, 04:22:59.521, 286974416873, vstest.console.dll, AssemblyResolver.OnResolve: Microsoft.TestPlatform.Extensions.EventLogCollector: Loading assembly 'C:\Program Files\dotnet\sdk\7.0.203\Extensions\Microsoft.TestPlatform.Extensions.EventLogCollector.dll'.
TpTrace Information: 0 : 11676, 1, 2023/06/27, 04:22:59.522, 286974423041, vstest.console.dll, AssemblyResolver.OnResolve: Resolved assembly: Microsoft.TestPlatform.Extensions.EventLogCollector, from path: C:\Program Files\dotnet\sdk\7.0.203\Extensions\Microsoft.TestPlatform.Extensions.EventLogCollector.dll
TpTrace Verbose: 0 : 11676, 1, 2023/06/27, 04:22:59.522, 286974424116, vstest.console.dll, MetadataReaderExtensionsHelper: Discovering extensions inside assembly 'Microsoft.TestPlatform.Extensions.EventLogCollector, Version=15.0.0.0, Culture=neutral, PublicKeyToken=b03f5f7f11d50a3a' file path 'C:\Program Files\dotnet\sdk\7.0.203\Extensions\Microsoft.TestPlatform.Extensions.EventLogCollector.dll'
TpTrace Information: 0 : 11676, 1, 2023/06/27, 04:22:59.524, 286974447818, vstest.console.dll, AssemblyResolver.OnResolve: Microsoft.TestPlatform.TestHostRuntimeProvider: Resolving assembly.
TpTrace Information: 0 : 11676, 1, 2023/06/27, 04:22:59.524, 286974448831, vstest.console.dll, AssemblyResolver.OnResolve: Microsoft.TestPlatform.TestHostRuntimeProvider: Searching in: 'C:\Program Files\dotnet\sdk\7.0.203\Extensions'.
TpTrace Information: 0 : 11676, 1, 2023/06/27, 04:22:59.525, 286974454191, vstest.console.dll, AssemblyResolver.OnResolve: Microsoft.TestPlatform.TestHostRuntimeProvider: Loading assembly 'C:\Program Files\dotnet\sdk\7.0.203\Extensions\Microsoft.TestPlatform.TestHostRuntimeProvider.dll'.
TpTrace Information: 0 : 11676, 1, 2023/06/27, 04:22:59.526, 286974461063, vstest.console.dll, AssemblyResolver.OnResolve: Resolved assembly: Microsoft.TestPlatform.TestHostRuntimeProvider, from path: C:\Program Files\dotnet\sdk\7.0.203\Extensions\Microsoft.TestPlatform.TestHostRuntimeProvider.dll
TpTrace Verbose: 0 : 11676, 1, 2023/06/27, 04:22:59.526, 286974461632, vstest.console.dll, MetadataReaderExtensionsHelper: Discovering extensions inside assembly 'Microsoft.TestPlatform.TestHostRuntimeProvider, Version=15.0.0.0, Culture=neutral, PublicKeyToken=b03f5f7f11d50a3a' file path 'C:\Program Files\dotnet\sdk\7.0.203\Extensions\Microsoft.TestPlatform.TestHostRuntimeProvider.dll'
TpTrace Information: 0 : 11676, 1, 2023/06/27, 04:22:59.527, 286974478036, vstest.console.dll, GetTestExtensionFromType: Register extension with identifier data 'HostProvider://DefaultTestHost' and type 'Microsoft.VisualStudio.TestPlatform.CrossPlatEngine.Hosting.DefaultTestHostManager, Microsoft.TestPlatform.TestHostRuntimeProvider, Version=15.0.0.0, Culture=neutral, PublicKeyToken=b03f5f7f11d50a3a' inside file 'C:\Program Files\dotnet\sdk\7.0.203\Extensions\Microsoft.TestPlatform.TestHostRuntimeProvider.dll'
TpTrace Information: 0 : 11676, 1, 2023/06/27, 04:22:59.528, 286974481168, vstest.console.dll, GetTestExtensionFromType: Register extension with identifier data 'HostProvider://DotnetTestHost' and type 'Microsoft.VisualStudio.TestPlatform.CrossPlatEngine.Hosting.DotnetTestHostManager, Microsoft.TestPlatform.TestHostRuntimeProvider, Version=15.0.0.0, Culture=neutral, PublicKeyToken=b03f5f7f11d50a3a' inside file 'C:\Program Files\dotnet\sdk\7.0.203\Extensions\Microsoft.TestPlatform.TestHostRuntimeProvider.dll'
TpTrace Information: 0 : 11676, 1, 2023/06/27, 04:22:59.528, 286974481995, vstest.console.dll, AssemblyResolver.OnResolve: Microsoft.VisualStudio.TestPlatform.Extensions.Html.TestLogger: Resolving assembly.
TpTrace Information: 0 : 11676, 1, 2023/06/27, 04:22:59.528, 286974482396, vstest.console.dll, AssemblyResolver.OnResolve: Microsoft.VisualStudio.TestPlatform.Extensions.Html.TestLogger: Searching in: 'C:\Program Files\dotnet\sdk\7.0.203\Extensions'.
TpTrace Information: 0 : 11676, 1, 2023/06/27, 04:22:59.529, 286974490799, vstest.console.dll, AssemblyResolver.OnResolve: Microsoft.VisualStudio.TestPlatform.Extensions.Html.TestLogger: Loading assembly 'C:\Program Files\dotnet\sdk\7.0.203\Extensions\Microsoft.VisualStudio.TestPlatform.Extensions.Html.TestLogger.dll'.
TpTrace Information: 0 : 11676, 1, 2023/06/27, 04:22:59.529, 286974498446, vstest.console.dll, AssemblyResolver.OnResolve: Resolved assembly: Microsoft.VisualStudio.TestPlatform.Extensions.Html.TestLogger, from path: C:\Program Files\dotnet\sdk\7.0.203\Extensions\Microsoft.VisualStudio.TestPlatform.Extensions.Html.TestLogger.dll
TpTrace Verbose: 0 : 11676, 1, 2023/06/27, 04:22:59.529, 286974499230, vstest.console.dll, MetadataReaderExtensionsHelper: Discovering extensions inside assembly 'Microsoft.VisualStudio.TestPlatform.Extensions.Html.TestLogger, Version=15.0.0.0, Culture=neutral, PublicKeyToken=b03f5f7f11d50a3a' file path 'C:\Program Files\dotnet\sdk\7.0.203\Extensions\Microsoft.VisualStudio.TestPlatform.Extensions.Html.TestLogger.dll'
TpTrace Information: 0 : 11676, 1, 2023/06/27, 04:22:59.530, 286974507304, vstest.console.dll, AssemblyResolver.OnResolve: Microsoft.VisualStudio.TestPlatform.Extensions.Trx.TestLogger: Resolving assembly.
TpTrace Information: 0 : 11676, 1, 2023/06/27, 04:22:59.530, 286974508037, vstest.console.dll, AssemblyResolver.OnResolve: Microsoft.VisualStudio.TestPlatform.Extensions.Trx.TestLogger: Searching in: 'C:\Program Files\dotnet\sdk\7.0.203\Extensions'.
TpTrace Information: 0 : 11676, 1, 2023/06/27, 04:22:59.531, 286974516764, vstest.console.dll, AssemblyResolver.OnResolve: Microsoft.VisualStudio.TestPlatform.Extensions.Trx.TestLogger: Loading assembly 'C:\Program Files\dotnet\sdk\7.0.203\Extensions\Microsoft.VisualStudio.TestPlatform.Extensions.Trx.TestLogger.dll'.
TpTrace Information: 0 : 11676, 1, 2023/06/27, 04:22:59.532, 286974524492, vstest.console.dll, AssemblyResolver.OnResolve: Resolved assembly: Microsoft.VisualStudio.TestPlatform.Extensions.Trx.TestLogger, from path: C:\Program Files\dotnet\sdk\7.0.203\Extensions\Microsoft.VisualStudio.TestPlatform.Extensions.Trx.TestLogger.dll
TpTrace Verbose: 0 : 11676, 1, 2023/06/27, 04:22:59.532, 286974525774, vstest.console.dll, MetadataReaderExtensionsHelper: Discovering extensions inside assembly 'Microsoft.VisualStudio.TestPlatform.Extensions.Trx.TestLogger, Version=15.0.0.0, Culture=neutral, PublicKeyToken=b03f5f7f11d50a3a' file path 'C:\Program Files\dotnet\sdk\7.0.203\Extensions\Microsoft.VisualStudio.TestPlatform.Extensions.Trx.TestLogger.dll'
TpTrace Verbose: 0 : 11676, 1, 2023/06/27, 04:22:59.534, 286974543048, vstest.console.dll, TestPluginCache: Discovered the extensions using extension path ''.
TpTrace Verbose: 0 : 11676, 1, 2023/06/27, 04:22:59.534, 286974543944, vstest.console.dll, TestPluginCache: Discoverers are ''.
TpTrace Verbose: 0 : 11676, 1, 2023/06/27, 04:22:59.534, 286974544114, vstest.console.dll, TestPluginCache: Executors are ''.
TpTrace Verbose: 0 : 11676, 1, 2023/06/27, 04:22:59.534, 286974544261, vstest.console.dll, TestPluginCache: Executors2 are ''.
TpTrace Verbose: 0 : 11676, 1, 2023/06/27, 04:22:59.534, 286974544401, vstest.console.dll, TestPluginCache: Setting providers are ''.
TpTrace Verbose: 0 : 11676, 1, 2023/06/27, 04:22:59.534, 286974544539, vstest.console.dll, TestPluginCache: Loggers are ''.
TpTrace Verbose: 0 : 11676, 1, 2023/06/27, 04:22:59.534, 286974546033, vstest.console.dll, TestPluginCache: TestHosts are 'HostProvider://DefaultTestHost,HostProvider://DotnetTestHost'.
TpTrace Verbose: 0 : 11676, 1, 2023/06/27, 04:22:59.534, 286974546459, vstest.console.dll, TestPluginCache: DataCollectors are ''.
TpTrace Information: 0 : 11676, 1, 2023/06/27, 04:22:59.549, 286974696704, vstest.console.dll, RunTestsArgumentProcessor:Execute: Test run is starting.
TpTrace Verbose: 0 : 11676, 1, 2023/06/27, 04:22:59.549, 286974697445, vstest.console.dll, RunTestsArgumentProcessor:Execute: Queuing Test run.
TpTrace Information: 0 : 11676, 1, 2023/06/27, 04:22:59.549, 286974699059, vstest.console.dll, TestRequestManager.RunTests: run tests started.
TpTrace Information: 0 : 11676, 1, 2023/06/27, 04:22:59.550, 286974709056, vstest.console.dll, AssemblyMetadataProvider.GetFrameworkName: Determined framework:'.NETCoreApp,Version=v6.0' for source: 'D:\GitHub\course_work_2\MusicSchoolEF\TestProject1\bin\Debug\net6.0\fine-code-coverage\build-output\TestProject1.dll'
TpTrace Information: 0 : 11676, 1, 2023/06/27, 04:22:59.551, 286974710966, vstest.console.dll, Determined framework for all sources: .NETCoreApp,Version=v6.0
TpTrace Verbose: 0 : 11676, 1, 2023/06/27, 04:22:59.551, 286974714541, vstest.console.dll, TestRequestManager.UpdateRunSettingsIfRequired: Default architecture: X64 IsDefaultTargetArchitecture: True, Current process architecture: X64 OperatingSystem: Windows.
TpTrace Information: 0 : 11676, 1, 2023/06/27, 04:22:59.552, 286974728742, vstest.console.dll, AssemblyMetadataProvider.GetArchitecture: Determined architecture:AnyCPU info for assembly: D:\GitHub\course_work_2\MusicSchoolEF\TestProject1\bin\Debug\net6.0\fine-code-coverage\build-output\TestProject1.dll
TpTrace Information: 0 : 11676, 1, 2023/06/27, 04:22:59.552, 286974729454, vstest.console.dll, Determined platform for source 'D:\GitHub\course_work_2\MusicSchoolEF\TestProject1\bin\Debug\net6.0\fine-code-coverage\build-output\TestProject1.dll' was AnyCPU and it will use the default plaform X64.
TpTrace Information: 0 : 11676, 1, 2023/06/27, 04:22:59.552, 286974729641, vstest.console.dll, None of the sources provided any runnable platform, using the default platform: X64
TpTrace Information: 0 : 11676, 1, 2023/06/27, 04:22:59.553, 286974730435, vstest.console.dll, Platform was updated to 'X64'.
TpTrace Information: 0 : 11676, 1, 2023/06/27, 04:22:59.556, 286974769206, vstest.console.dll, InferRunSettingsHelper.IsTestSettingsEnabled: Unable to navigate to RunSettings/MSTest. Current node: RunSettings
TpTrace Information: 0 : 11676, 1, 2023/06/27, 04:22:59.557, 286974777862, vstest.console.dll, AssemblyResolver.OnResolve: Microsoft.VisualStudio.TestPlatform.Fakes: Resolving assembly.
TpTrace Information: 0 : 11676, 1, 2023/06/27, 04:22:59.557, 286974778601, vstest.console.dll, AssemblyResolver.OnResolve: Microsoft.VisualStudio.TestPlatform.Fakes: Searching in: 'C:\Program Files\dotnet\sdk\7.0.203\Extensions'.
TpTrace Information: 0 : 11676, 1, 2023/06/27, 04:22:59.557, 286974779385, vstest.console.dll, AssemblyResolver.OnResolve: Microsoft.VisualStudio.TestPlatform.Fakes: Assembly path does not exist: 'C:\Program Files\dotnet\sdk\7.0.203\Extensions\Microsoft.VisualStudio.TestPlatform.Fakes.dll', returning.
TpTrace Information: 0 : 11676, 1, 2023/06/27, 04:22:59.557, 286974779793, vstest.console.dll, AssemblyResolver.OnResolve: Microsoft.VisualStudio.TestPlatform.Fakes: Assembly path does not exist: 'C:\Program Files\dotnet\sdk\7.0.203\Extensions\Microsoft.VisualStudio.TestPlatform.Fakes.exe', returning.
TpTrace Information: 0 : 11676, 1, 2023/06/27, 04:22:59.557, 286974779967, vstest.console.dll, AssemblyResolver.OnResolve: Microsoft.VisualStudio.TestPlatform.Fakes: Searching in: 'C:\Program Files\dotnet\sdk\7.0.203'.
TpTrace Information: 0 : 11676, 1, 2023/06/27, 04:22:59.558, 286974780323, vstest.console.dll, AssemblyResolver.OnResolve: Microsoft.VisualStudio.TestPlatform.Fakes: Assembly path does not exist: 'C:\Program Files\dotnet\sdk\7.0.203\Microsoft.VisualStudio.TestPlatform.Fakes.dll', returning.
TpTrace Information: 0 : 11676, 1, 2023/06/27, 04:22:59.558, 286974780740, vstest.console.dll, AssemblyResolver.OnResolve: Microsoft.VisualStudio.TestPlatform.Fakes: Assembly path does not exist: 'C:\Program Files\dotnet\sdk\7.0.203\Microsoft.VisualStudio.TestPlatform.Fakes.exe', returning.
TpTrace Information: 0 : 11676, 1, 2023/06/27, 04:22:59.558, 286974780914, vstest.console.dll, AssemblyResolver.OnResolve: Microsoft.VisualStudio.TestPlatform.Fakes: Failed to load assembly.
TpTrace Information: 0 : 11676, 1, 2023/06/27, 04:22:59.558, 286974783074, vstest.console.dll, Failed to load assembly Microsoft.VisualStudio.TestPlatform.Fakes, Version=17.0.0.0, Culture=neutral. Reason:System.IO.FileNotFoundException: Could not load file or assembly 'Microsoft.VisualStudio.TestPlatform.Fakes, Version=17.0.0.0, Culture=neutral, PublicKeyToken=null'. Не удается найти указанный файл.
File name: 'Microsoft.VisualStudio.TestPlatform.Fakes, Version=17.0.0.0, Culture=neutral, PublicKeyToken=null'
   at System.Reflection.RuntimeAssembly.InternalLoad(AssemblyName assemblyName, StackCrawlMark& stackMark, AssemblyLoadContext assemblyLoadContext, RuntimeAssembly requestingAssembly, Boolean throwOnFileNotFound)
   at System.Reflection.Assembly.Load(AssemblyName assemblyRef)
   at Microsoft.VisualStudio.TestPlatform.Common.Utilities.FakesUtilities.LoadTestPlatformAssembly()
TpTrace Verbose: 0 : 11676, 1, 2023/06/27, 04:22:59.561, 286974816562, vstest.console.dll, TestPluginCache.DiscoverTestExtensions: finding test extensions in assemblies ends with: TestLogger.dll TPluginInfo: Microsoft.VisualStudio.TestPlatform.Common.ExtensionFramework.Utilities.TestLoggerPluginInformation TExtension: Microsoft.VisualStudio.TestPlatform.ObjectModel.Client.ITestLogger
TpTrace Verbose: 0 : 11676, 1, 2023/06/27, 04:22:59.561, 286974817627, vstest.console.dll, TestPluginCache.GetExtensionPaths: Filtered extension paths: 
TpTrace Verbose: 0 : 11676, 1, 2023/06/27, 04:22:59.561, 286974817869, vstest.console.dll, TestPluginCache.GetExtensionPaths: Added default extension paths: C:\Program Files\dotnet\sdk\7.0.203\Extensions\Microsoft.Diagnostics.NETCore.Client.dll
C:\Program Files\dotnet\sdk\7.0.203\Extensions\Microsoft.TestPlatform.Extensions.BlameDataCollector.dll
C:\Program Files\dotnet\sdk\7.0.203\Extensions\Microsoft.TestPlatform.Extensions.EventLogCollector.dll
C:\Program Files\dotnet\sdk\7.0.203\Extensions\Microsoft.TestPlatform.TestHostRuntimeProvider.dll
C:\Program Files\dotnet\sdk\7.0.203\Extensions\Microsoft.VisualStudio.TestPlatform.Extensions.Html.TestLogger.dll
C:\Program Files\dotnet\sdk\7.0.203\Extensions\Microsoft.VisualStudio.TestPlatform.Extensions.Trx.TestLogger.dll
TpTrace Verbose: 0 : 11676, 1, 2023/06/27, 04:22:59.561, 286974818071, vstest.console.dll, TestPluginCache.GetExtensionPaths: Added unfilterableExtensionPaths: 
TpTrace Information: 0 : 11676, 1, 2023/06/27, 04:22:59.561, 286974819206, vstest.console.dll, AssemblyResolver.AddSearchDirectories: Adding more searchDirectories C:\Program Files\dotnet\sdk\7.0.203\Extensions,C:\Program Files\dotnet\sdk\7.0.203
TpTrace Verbose: 0 : 11676, 1, 2023/06/27, 04:22:59.561, 286974819492, vstest.console.dll, TestPluginCache.DiscoverTestExtensions: Discovering the extensions using extension path.
TpTrace Verbose: 0 : 11676, 1, 2023/06/27, 04:22:59.561, 286974819703, vstest.console.dll, TestPluginCache.GetExtensionPaths: Filtered extension paths: 
TpTrace Verbose: 0 : 11676, 1, 2023/06/27, 04:22:59.561, 286974819906, vstest.console.dll, TestPluginCache.GetExtensionPaths: Added default extension paths: C:\Program Files\dotnet\sdk\7.0.203\Extensions\Microsoft.Diagnostics.NETCore.Client.dll
C:\Program Files\dotnet\sdk\7.0.203\Extensions\Microsoft.TestPlatform.Extensions.BlameDataCollector.dll
C:\Program Files\dotnet\sdk\7.0.203\Extensions\Microsoft.TestPlatform.Extensions.EventLogCollector.dll
C:\Program Files\dotnet\sdk\7.0.203\Extensions\Microsoft.TestPlatform.TestHostRuntimeProvider.dll
C:\Program Files\dotnet\sdk\7.0.203\Extensions\Microsoft.VisualStudio.TestPlatform.Extensions.Html.TestLogger.dll
C:\Program Files\dotnet\sdk\7.0.203\Extensions\Microsoft.VisualStudio.TestPlatform.Extensions.Trx.TestLogger.dll
TpTrace Verbose: 0 : 11676, 1, 2023/06/27, 04:22:59.561, 286974820076, vstest.console.dll, TestPluginCache.GetExtensionPaths: Added unfilterableExtensionPaths: 
TpTrace Verbose: 0 : 11676, 1, 2023/06/27, 04:22:59.562, 286974820274, vstest.console.dll, TestPluginCache.DiscoverTestExtensions: Discovering the extensions using allExtensionPaths: C:\Program Files\dotnet\sdk\7.0.203\Extensions\Microsoft.Diagnostics.NETCore.Client.dll
C:\Program Files\dotnet\sdk\7.0.203\Extensions\Microsoft.TestPlatform.Extensions.BlameDataCollector.dll
C:\Program Files\dotnet\sdk\7.0.203\Extensions\Microsoft.TestPlatform.Extensions.EventLogCollector.dll
C:\Program Files\dotnet\sdk\7.0.203\Extensions\Microsoft.TestPlatform.TestHostRuntimeProvider.dll
C:\Program Files\dotnet\sdk\7.0.203\Extensions\Microsoft.VisualStudio.TestPlatform.Extensions.Html.TestLogger.dll
C:\Program Files\dotnet\sdk\7.0.203\Extensions\Microsoft.VisualStudio.TestPlatform.Extensions.Trx.TestLogger.dll
TpTrace Information: 0 : 11676, 1, 2023/06/27, 04:22:59.562, 286974820958, vstest.console.dll, AssemblyResolver.AddSearchDirectories: Adding more searchDirectories C:\Program Files\dotnet\sdk\7.0.203\Extensions,C:\Program Files\dotnet\sdk\7.0.203
TpTrace Information: 0 : 11676, 1, 2023/06/27, 04:22:59.562, 286974821212, vstest.console.dll, AssemblyResolver.AddSearchDirectories: Adding more searchDirectories C:\Program Files\dotnet\sdk\7.0.203\Extensions,C:\Program Files\dotnet\sdk\7.0.203
TpTrace Information: 0 : 11676, 1, 2023/06/27, 04:22:59.562, 286974821387, vstest.console.dll, AssemblyResolver.AddSearchDirectories: Adding more searchDirectories C:\Program Files\dotnet\sdk\7.0.203\Extensions,C:\Program Files\dotnet\sdk\7.0.203
TpTrace Information: 0 : 11676, 1, 2023/06/27, 04:22:59.562, 286974821554, vstest.console.dll, AssemblyResolver.AddSearchDirectories: Adding more searchDirectories C:\Program Files\dotnet\sdk\7.0.203\Extensions,C:\Program Files\dotnet\sdk\7.0.203
TpTrace Information: 0 : 11676, 1, 2023/06/27, 04:22:59.562, 286974821747, vstest.console.dll, AssemblyResolver.AddSearchDirectories: Adding more searchDirectories C:\Program Files\dotnet\sdk\7.0.203\Extensions,C:\Program Files\dotnet\sdk\7.0.203
TpTrace Information: 0 : 11676, 1, 2023/06/27, 04:22:59.562, 286974821915, vstest.console.dll, AssemblyResolver.AddSearchDirectories: Adding more searchDirectories C:\Program Files\dotnet\sdk\7.0.203\Extensions,C:\Program Files\dotnet\sdk\7.0.203
TpTrace Verbose: 0 : 11676, 1, 2023/06/27, 04:22:59.562, 286974822699, vstest.console.dll, MetadataReaderExtensionsHelper: Discovering extensions inside assembly 'Microsoft.Diagnostics.NETCore.Client, Version=0.2.6.42401, Culture=neutral, PublicKeyToken=31bf3856ad364e35' file path 'C:\Program Files\dotnet\sdk\7.0.203\Extensions\Microsoft.Diagnostics.NETCore.Client.dll'
TpTrace Information: 0 : 11676, 1, 2023/06/27, 04:22:59.562, 286974828064, vstest.console.dll, AssemblyResolver.OnResolve: Microsoft.Bcl.AsyncInterfaces: Resolving assembly.
TpTrace Information: 0 : 11676, 1, 2023/06/27, 04:22:59.562, 286974828547, vstest.console.dll, AssemblyResolver.OnResolve: Microsoft.Bcl.AsyncInterfaces: Resolved from cache.
TpTrace Verbose: 0 : 11676, 1, 2023/06/27, 04:22:59.562, 286974828729, vstest.console.dll, CurrentDomainAssemblyResolve: Resolving assembly 'Microsoft.Bcl.AsyncInterfaces'.
TpTrace Information: 0 : 11676, 1, 2023/06/27, 04:22:59.562, 286974829049, vstest.console.dll, AssemblyResolver.OnResolve: Microsoft.Bcl.AsyncInterfaces: Resolving assembly.
TpTrace Information: 0 : 11676, 1, 2023/06/27, 04:22:59.562, 286974829219, vstest.console.dll, AssemblyResolver.OnResolve: Microsoft.Bcl.AsyncInterfaces: Resolved from cache.
TpTrace Verbose: 0 : 11676, 1, 2023/06/27, 04:22:59.562, 286974829368, vstest.console.dll, CurrentDomainAssemblyResolve: Resolving assembly 'Microsoft.Bcl.AsyncInterfaces'.
TpTrace Verbose: 0 : 11676, 1, 2023/06/27, 04:22:59.562, 286974829547, vstest.console.dll, CurrentDomainAssemblyResolve: Failed to resolve assembly 'Microsoft.Bcl.AsyncInterfaces'.
TpTrace Verbose: 0 : 11676, 1, 2023/06/27, 04:22:59.563, 286974830721, vstest.console.dll, CurrentDomainAssemblyResolve: Failed to resolve assembly 'Microsoft.Bcl.AsyncInterfaces'.
TpTrace Warning: 0 : 11676, 1, 2023/06/27, 04:22:59.563, 286974833263, vstest.console.dll, TestPluginDiscoverer: Failed to get types from assembly 'Microsoft.Diagnostics.NETCore.Client, Version=0.2.6.42401, Culture=neutral, PublicKeyToken=31bf3856ad364e35'. Error: System.Reflection.ReflectionTypeLoadException: Unable to load one or more of the requested types.
Could not load file or assembly 'Microsoft.Bcl.AsyncInterfaces, Version=1.0.0.0, Culture=neutral, PublicKeyToken=cc7b13ffcd2ddd51'. Не удается найти указанный файл.
   at System.Reflection.RuntimeModule.GetTypes(RuntimeModule module)
   at System.Reflection.Assembly.GetTypes()
   at Microsoft.VisualStudio.TestPlatform.Common.ExtensionFramework.TestPluginDiscoverer.GetTestExtensionsFromAssembly[TPluginInfo,TExtension](Assembly assembly, Dictionary`2 pluginInfos, String filePath)
System.IO.FileNotFoundException: Could not load file or assembly 'Microsoft.Bcl.AsyncInterfaces, Version=1.0.0.0, Culture=neutral, PublicKeyToken=cc7b13ffcd2ddd51'. Не удается найти указанный файл.
File name: 'Microsoft.Bcl.AsyncInterfaces, Version=1.0.0.0, Culture=neutral, PublicKeyToken=cc7b13ffcd2ddd51'
 ---> System.IO.FileNotFoundException: Could not load file or assembly 'Microsoft.Bcl.AsyncInterfaces, Culture=neutral, PublicKeyToken=null'. Не удается найти указанный файл.
File name: 'Microsoft.Bcl.AsyncInterfaces, Culture=neutral, PublicKeyToken=null'
   at System.Reflection.RuntimeAssembly.InternalLoad(AssemblyName assemblyName, StackCrawlMark& stackMark, AssemblyLoadContext assemblyLoadContext, RuntimeAssembly requestingAssembly, Boolean throwOnFileNotFound)
   at System.Reflection.Assembly.Load(AssemblyName assemblyRef)
   at Microsoft.VisualStudio.TestPlatform.Common.ExtensionFramework.TestPluginCache.CurrentDomainAssemblyResolve(Object sender, AssemblyResolveEventArgs args)
   at System.Runtime.Loader.AssemblyLoadContext.GetFirstResolvedAssemblyFromResolvingEvent(AssemblyName assemblyName)
   at System.Runtime.Loader.AssemblyLoadContext.ResolveUsingEvent(AssemblyName assemblyName)
   at System.Runtime.Loader.AssemblyLoadContext.ResolveUsingResolvingEvent(IntPtr gchManagedAssemblyLoadContext, AssemblyName assemblyName)
TpTrace Warning: 0 : 11676, 1, 2023/06/27, 04:22:59.563, 286974834303, vstest.console.dll, LoaderExceptions: System.IO.FileNotFoundException: Could not load file or assembly 'Microsoft.Bcl.AsyncInterfaces, Version=1.0.0.0, Culture=neutral, PublicKeyToken=cc7b13ffcd2ddd51'. Не удается найти указанный файл.
File name: 'Microsoft.Bcl.AsyncInterfaces, Version=1.0.0.0, Culture=neutral, PublicKeyToken=cc7b13ffcd2ddd51'
 ---> System.IO.FileNotFoundException: Could not load file or assembly 'Microsoft.Bcl.AsyncInterfaces, Culture=neutral, PublicKeyToken=null'. Не удается найти указанный файл.
File name: 'Microsoft.Bcl.AsyncInterfaces, Culture=neutral, PublicKeyToken=null'
   at System.Reflection.RuntimeAssembly.InternalLoad(AssemblyName assemblyName, StackCrawlMark& stackMark, AssemblyLoadContext assemblyLoadContext, RuntimeAssembly requestingAssembly, Boolean throwOnFileNotFound)
   at System.Reflection.Assembly.Load(AssemblyName assemblyRef)
   at Microsoft.VisualStudio.TestPlatform.Common.ExtensionFramework.TestPluginCache.CurrentDomainAssemblyResolve(Object sender, AssemblyResolveEventArgs args)
   at System.Runtime.Loader.AssemblyLoadContext.GetFirstResolvedAssemblyFromResolvingEvent(AssemblyName assemblyName)
   at System.Runtime.Loader.AssemblyLoadContext.ResolveUsingEvent(AssemblyName assemblyName)
   at System.Runtime.Loader.AssemblyLoadContext.ResolveUsingResolvingEvent(IntPtr gchManagedAssemblyLoadContext, AssemblyName assemblyName)
TpTrace Verbose: 0 : 11676, 1, 2023/06/27, 04:22:59.563, 286974834848, vstest.console.dll, MetadataReaderExtensionsHelper: Discovering extensions inside assembly 'Microsoft.TestPlatform.Extensions.BlameDataCollector, Version=15.0.0.0, Culture=neutral, PublicKeyToken=b03f5f7f11d50a3a' file path 'C:\Program Files\dotnet\sdk\7.0.203\Extensions\Microsoft.TestPlatform.Extensions.BlameDataCollector.dll'
TpTrace Information: 0 : 11676, 1, 2023/06/27, 04:22:59.563, 286974838632, vstest.console.dll, GetTestExtensionFromType: Register extension with identifier data 'logger://Microsoft/TestPlatform/Extensions/Blame/v1' and type 'Microsoft.TestPlatform.Extensions.BlameDataCollector.BlameLogger, Microsoft.TestPlatform.Extensions.BlameDataCollector, Version=15.0.0.0, Culture=neutral, PublicKeyToken=b03f5f7f11d50a3a' inside file 'C:\Program Files\dotnet\sdk\7.0.203\Extensions\Microsoft.TestPlatform.Extensions.BlameDataCollector.dll'
TpTrace Verbose: 0 : 11676, 1, 2023/06/27, 04:22:59.563, 286974839155, vstest.console.dll, MetadataReaderExtensionsHelper: Discovering extensions inside assembly 'Microsoft.TestPlatform.Extensions.EventLogCollector, Version=15.0.0.0, Culture=neutral, PublicKeyToken=b03f5f7f11d50a3a' file path 'C:\Program Files\dotnet\sdk\7.0.203\Extensions\Microsoft.TestPlatform.Extensions.EventLogCollector.dll'
TpTrace Verbose: 0 : 11676, 1, 2023/06/27, 04:22:59.564, 286974841150, vstest.console.dll, MetadataReaderExtensionsHelper: Discovering extensions inside assembly 'Microsoft.TestPlatform.TestHostRuntimeProvider, Version=15.0.0.0, Culture=neutral, PublicKeyToken=b03f5f7f11d50a3a' file path 'C:\Program Files\dotnet\sdk\7.0.203\Extensions\Microsoft.TestPlatform.TestHostRuntimeProvider.dll'
TpTrace Verbose: 0 : 11676, 1, 2023/06/27, 04:22:59.564, 286974842973, vstest.console.dll, MetadataReaderExtensionsHelper: Discovering extensions inside assembly 'Microsoft.VisualStudio.TestPlatform.Extensions.Html.TestLogger, Version=15.0.0.0, Culture=neutral, PublicKeyToken=b03f5f7f11d50a3a' file path 'C:\Program Files\dotnet\sdk\7.0.203\Extensions\Microsoft.VisualStudio.TestPlatform.Extensions.Html.TestLogger.dll'
TpTrace Information: 0 : 11676, 1, 2023/06/27, 04:22:59.564, 286974846895, vstest.console.dll, GetTestExtensionFromType: Register extension with identifier data 'logger://Microsoft/TestPlatform/HtmlLogger/v1' and type 'Microsoft.VisualStudio.TestPlatform.Extensions.HtmlLogger.HtmlLogger, Microsoft.VisualStudio.TestPlatform.Extensions.Html.TestLogger, Version=15.0.0.0, Culture=neutral, PublicKeyToken=b03f5f7f11d50a3a' inside file 'C:\Program Files\dotnet\sdk\7.0.203\Extensions\Microsoft.VisualStudio.TestPlatform.Extensions.Html.TestLogger.dll'
TpTrace Verbose: 0 : 11676, 1, 2023/06/27, 04:22:59.564, 286974847504, vstest.console.dll, MetadataReaderExtensionsHelper: Discovering extensions inside assembly 'Microsoft.VisualStudio.TestPlatform.Extensions.Trx.TestLogger, Version=15.0.0.0, Culture=neutral, PublicKeyToken=b03f5f7f11d50a3a' file path 'C:\Program Files\dotnet\sdk\7.0.203\Extensions\Microsoft.VisualStudio.TestPlatform.Extensions.Trx.TestLogger.dll'
TpTrace Information: 0 : 11676, 1, 2023/06/27, 04:22:59.564, 286974850114, vstest.console.dll, GetTestExtensionFromType: Register extension with identifier data 'logger://Microsoft/TestPlatform/TrxLogger/v1' and type 'Microsoft.VisualStudio.TestPlatform.Extensions.TrxLogger.TrxLogger, Microsoft.VisualStudio.TestPlatform.Extensions.Trx.TestLogger, Version=15.0.0.0, Culture=neutral, PublicKeyToken=b03f5f7f11d50a3a' inside file 'C:\Program Files\dotnet\sdk\7.0.203\Extensions\Microsoft.VisualStudio.TestPlatform.Extensions.Trx.TestLogger.dll'
TpTrace Verbose: 0 : 11676, 1, 2023/06/27, 04:22:59.565, 286974850762, vstest.console.dll, TestPluginCache: Discovered the extensions using extension path ''.
TpTrace Verbose: 0 : 11676, 1, 2023/06/27, 04:22:59.565, 286974850962, vstest.console.dll, TestPluginCache: Discoverers are ''.
TpTrace Verbose: 0 : 11676, 1, 2023/06/27, 04:22:59.565, 286974851111, vstest.console.dll, TestPluginCache: Executors are ''.
TpTrace Verbose: 0 : 11676, 1, 2023/06/27, 04:22:59.565, 286974851283, vstest.console.dll, TestPluginCache: Executors2 are ''.
TpTrace Verbose: 0 : 11676, 1, 2023/06/27, 04:22:59.565, 286974851426, vstest.console.dll, TestPluginCache: Setting providers are ''.
TpTrace Verbose: 0 : 11676, 1, 2023/06/27, 04:22:59.565, 286974851877, vstest.console.dll, TestPluginCache: Loggers are 'logger://Microsoft/TestPlatform/Extensions/Blame/v1,logger://Microsoft/TestPlatform/HtmlLogger/v1,logger://Microsoft/TestPlatform/TrxLogger/v1'.
TpTrace Verbose: 0 : 11676, 1, 2023/06/27, 04:22:59.565, 286974852128, vstest.console.dll, TestPluginCache: TestHosts are 'HostProvider://DefaultTestHost,HostProvider://DotnetTestHost'.
TpTrace Verbose: 0 : 11676, 1, 2023/06/27, 04:22:59.565, 286974852289, vstest.console.dll, TestPluginCache: DataCollectors are ''.
TpTrace Information: 0 : 11676, 1, 2023/06/27, 04:22:59.565, 286974859739, vstest.console.dll, TestPluginManager.CreateTestExtension: Attempting to load test extension: Microsoft.TestPlatform.Extensions.BlameDataCollector.BlameLogger
TpTrace Verbose: 0 : 11676, 1, 2023/06/27, 04:22:59.574, 286974941071, vstest.console.dll, TestEngine: Initializing Parallel Execution as MaxCpuCount is set to: 1
TpTrace Information: 0 : 11676, 1, 2023/06/27, 04:22:59.578, 286974980754, vstest.console.dll, TestPluginManager.CreateTestExtension: Attempting to load test extension: Microsoft.VisualStudio.TestPlatform.CrossPlatEngine.Hosting.DefaultTestHostManager
TpTrace Information: 0 : 11676, 1, 2023/06/27, 04:22:59.578, 286974987108, vstest.console.dll, TestPluginManager.CreateTestExtension: Attempting to load test extension: Microsoft.VisualStudio.TestPlatform.CrossPlatEngine.Hosting.DotnetTestHostManager
TpTrace Information: 0 : 11676, 1, 2023/06/27, 04:22:59.579, 286974992205, vstest.console.dll, InferRunSettingsHelper.IsTestSettingsEnabled: Unable to navigate to RunSettings/MSTest. Current node: RunSettings
TpTrace Verbose: 0 : 11676, 1, 2023/06/27, 04:22:59.582, 286975027554, vstest.console.dll, TestEngine.GetExecutionManager: Chosen execution manager 'Microsoft.VisualStudio.TestPlatform.CrossPlatEngine.Client.Parallel.ParallelProxyExecutionManager, Microsoft.TestPlatform.CrossPlatEngine, Version=15.0.0.0, Culture=neutral, PublicKeyToken=b03f5f7f11d50a3a' ParallelLevel '1'.
TpTrace Verbose: 0 : 11676, 1, 2023/06/27, 04:22:59.582, 286975029080, vstest.console.dll, TestRunRequest.ExecuteAsync: Creating test run request.
TpTrace Verbose: 0 : 11676, 1, 2023/06/27, 04:22:59.583, 286975031150, vstest.console.dll, TestRunRequest.ExecuteAsync: Starting.
TpTrace Information: 0 : 11676, 1, 2023/06/27, 04:22:59.583, 286975033062, vstest.console.dll, TestRunRequest.ExecuteAsync: Starting run with settings:TestRunCriteria:
   KeepAlive=False,FrequencyOfRunStatsChangeEvent=10,RunStatsChangeEventTimeout=00:00:01.5000000,TestCaseFilter=,TestExecutorLauncher=
   Settingsxml=<RunSettings>
  <RunConfiguration>
    <ResultsDirectory>D:\GitHub\course_work_2\MusicSchoolEF\TestProject1\bin\Debug\net6.0\fine-code-coverage\coverage-tool-output</ResultsDirectory>
    <TargetPlatform>X64</TargetPlatform>
    <TargetFrameworkVersion>.NETCoreApp,Version=v6.0</TargetFrameworkVersion>
    <DesignMode>False</DesignMode>
    <CollectSourceInformation>False</CollectSourceInformation>
  </RunConfiguration>
  <LoggerRunSettings>
    <Loggers>
      <Logger friendlyName="blame" enabled="True" />
      <Logger friendlyName="Console" uri="logger://microsoft/TestPlatform/ConsoleLogger/v1" assemblyQualifiedName="Microsoft.VisualStudio.TestPlatform.CommandLine.Internal.ConsoleLogger, vstest.console, Version=15.0.0.0, Culture=neutral, PublicKeyToken=b03f5f7f11d50a3a" codeBase="C:\Program Files\dotnet\sdk\7.0.203\vstest.console.dll" enabled="True" />
    </Loggers>
  </LoggerRunSettings>
  <DataCollectionRunSettings>
    <DataCollectors>
      <DataCollector friendlyName="blame" enabled="True">
        <Configuration>
          <ResultsDirectory>D:\GitHub\course_work_2\MusicSchoolEF\TestProject1\bin\Debug\net6.0\fine-code-coverage\coverage-tool-output</ResultsDirectory>
        </Configuration>
      </DataCollector>
    </DataCollectors>
  </DataCollectionRunSettings>
</RunSettings>

TpTrace Verbose: 0 : 11676, 1, 2023/06/27, 04:22:59.583, 286975033374, vstest.console.dll, TestRunRequest.ExecuteAsync: Wait for the first run request is over.
TpTrace Verbose: 0 : 11676, 1, 2023/06/27, 04:22:59.583, 286975035389, vstest.console.dll, MulticastDelegateUtilities.SafeInvoke: TestRun.TestRunStart: Invoking callbacks was skipped because there are no subscribers.
TpTrace Verbose: 0 : 11676, 4, 2023/06/27, 04:22:59.583, 286975037512, vstest.console.dll, MulticastDelegateUtilities.SafeInvoke: InternalTestLoggerEvents.SendTestRunStart: Invoking callback 1/1 for Microsoft.VisualStudio.TestPlatform.CommandLine.Internal.ConsoleLogger., took 0 ms.
TpTrace Verbose: 0 : 11676, 1, 2023/06/27, 04:22:59.584, 286975045210, vstest.console.dll, ParallelProxyExecutionManager: Start execution. Total sources: 1
TpTrace Verbose: 0 : 11676, 1, 2023/06/27, 04:22:59.585, 286975058675, vstest.console.dll, TestRequestSender is acting as server.
TpTrace Verbose: 0 : 11676, 1, 2023/06/27, 04:22:59.587, 286975071174, vstest.console.dll, DataCollectionRequestSender.InitializeCommunication : Initialize communication. 
TpTrace Information: 0 : 11676, 1, 2023/06/27, 04:22:59.590, 286975102959, vstest.console.dll, Listening on Endpoint : 127.0.0.1:61594
TpTrace Verbose: 0 : 11676, 1, 2023/06/27, 04:22:59.595, 286975154274, vstest.console.dll, DotnetDataCollectionLauncher: Adding  --runtimeconfig "C:\Program Files\dotnet\sdk\7.0.203\datacollector.runtimeconfig.json" in args
TpTrace Verbose: 0 : 11676, 1, 2023/06/27, 04:22:59.595, 286975155421, vstest.console.dll, DotnetDataCollectionLauncher: Adding  --depsfile "C:\Program Files\dotnet\sdk\7.0.203\datacollector.deps.json" in args
TpTrace Verbose: 0 : 11676, 1, 2023/06/27, 04:22:59.595, 286975156527, vstest.console.dll, DotnetDataCollectionLauncher: Full path of dotnet.exe is C:\Program Files\dotnet\dotnet.exe
TpTrace Information: 0 : 11676, 1, 2023/06/27, 04:22:59.601, 286975215821, vstest.console.dll, ProxyDataCollectionManager.Initialize: Launched datacollector processId: 6048 port: 61594
TpTrace Information: 0 : 11676, 1, 2023/06/27, 04:22:59.601, 286975217380, vstest.console.dll, ProxyDataCollectionManager.Initialize: waiting for connection with timeout: 90 seconds
TpTrace Verbose: 0 : 11676, 1, 2023/06/27, 04:22:59.601, 286975217778, vstest.console.dll, DataCollectionRequestSender.WaitForRequestHandlerConnection : Waiting for connection with timeout: 90000
TpTrace Information: 0 : 11676, 7, 2023/06/27, 04:22:59.711, 286976313370, vstest.console.dll, Using the buffer size of 16384 bytes
TpTrace Verbose: 0 : 11676, 1, 2023/06/27, 04:22:59.711, 286976313470, vstest.console.dll, SocketCommunicationManager.WaitForClientConnection took: 109 ms, with 90000 ms timeout, and finished with True.
TpTrace Information: 0 : 11676, 7, 2023/06/27, 04:22:59.711, 286976314633, vstest.console.dll, Accepted Client request and set the flag
TpTrace Verbose: 0 : 11676, 1, 2023/06/27, 04:22:59.711, 286976315448, vstest.console.dll, ProxyDataCollectionManager.InvokeDataCollectionServiceAction: Starting.
TpTrace Information: 0 : 11676, 1, 2023/06/27, 04:22:59.711, 286976316035, vstest.console.dll, ProxyDataCollectionManager.BeforeTestRunStart: Get environment variable and port for datacollector processId: 6048 port: 61594
TpTrace Verbose: 0 : 11676, 1, 2023/06/27, 04:22:59.711, 286976316793, vstest.console.dll, DataCollectionRequestSender.SendBeforeTestRunStartAndGetResult: Send BeforeTestRunStart message with settingsXml <RunSettings><RunConfiguration><ResultsDirectory>D:\GitHub\course_work_2\MusicSchoolEF\TestProject1\bin\Debug\net6.0\fine-code-coverage\coverage-tool-output</ResultsDirectory><TargetPlatform>X64</TargetPlatform><TargetFrameworkVersion>.NETCoreApp,Version=v6.0</TargetFrameworkVersion><DesignMode>False</DesignMode><CollectSourceInformation>False</CollectSourceInformation><TestAdaptersPaths>C:\Program Files\dotnet\sdk\7.0.203\Extensions</TestAdaptersPaths></RunConfiguration><LoggerRunSettings><Loggers><Logger friendlyName="blame" enabled="True" /><Logger friendlyName="Console" uri="logger://microsoft/TestPlatform/ConsoleLogger/v1" assemblyQualifiedName="Microsoft.VisualStudio.TestPlatform.CommandLine.Internal.ConsoleLogger, vstest.console, Version=15.0.0.0, Culture=neutral, PublicKeyToken=b03f5f7f11d50a3a" codeBase="C:\Program Files\dotnet\sdk\7.0.203\vstest.console.dll" enabled="True" /></Loggers></LoggerRunSettings><DataCollectionRunSettings><DataCollectors><DataCollector friendlyName="blame" enabled="True"><Configuration><ResultsDirectory>D:\GitHub\course_work_2\MusicSchoolEF\TestProject1\bin\Debug\net6.0\fine-code-coverage\coverage-tool-output</ResultsDirectory></Configuration></DataCollector></DataCollectors></DataCollectionRunSettings></RunSettings> and sources System.Collections.Generic.List`1[System.String]: 
TpTrace Verbose: 0 : 11676, 1, 2023/06/27, 04:22:59.781, 286977013423, vstest.console.dll, DataCollectionRequestSender.SendBeforeTestRunStartAndGetResult: Received message: (DataCollection.SendMessage) -> {"MessageType":"DataCollection.SendMessage","Payload":{"FriendlyName":null,"Uri":null,"TestCaseId":"00000000-0000-0000-0000-000000000000","Message":"Logging DataCollector Diagnostics in file: D:\\GitHub\\course_work_2\\MusicSchoolEF\\TestProject1\\bin\\Debug\\net6.0\\fine-code-coverage\\coverage-tool-output\\diagnostics.datacollector.23-06-27_04-22-59_59515_1.log","Level":0}}
TpTrace Verbose: 0 : 11676, 1, 2023/06/27, 04:22:59.844, 286977647897, vstest.console.dll, DataCollectionRequestSender.SendBeforeTestRunStartAndGetResult: Received message: (DataCollection.BeforeTestRunStartResult) -> {"MessageType":"DataCollection.BeforeTestRunStartResult","Payload":{"EnvironmentVariables":{},"DataCollectionEventsPort":61596}}
TpTrace Information: 0 : 11676, 1, 2023/06/27, 04:22:59.849, 286977698032, vstest.console.dll, ProxyDataCollectionManager.BeforeTestRunStart: SendBeforeTestRunStartAndGetResult successful, env variable from datacollector:   and testhost port: 61596
TpTrace Information: 0 : 11676, 1, 2023/06/27, 04:22:59.849, 286977698958, vstest.console.dll, ProxyDataCollectionManager.InvokeDataCollectionServiceAction: Completed.
TpTrace Verbose: 0 : 11676, 1, 2023/06/27, 04:22:59.849, 286977699963, vstest.console.dll, ProxyParallelExecutionManager: No sources available for execution.
TpTrace Verbose: 0 : 11676, 7, 2023/06/27, 04:22:59.849, 286977700001, vstest.console.dll, ParallelProxyExecutionManager: Execution started. Started clients: 1
TpTrace Information: 0 : 11676, 1, 2023/06/27, 04:22:59.850, 286977700355, vstest.console.dll, TestRunRequest.ExecuteAsync: Started.
TpTrace Verbose: 0 : 11676, 1, 2023/06/27, 04:22:59.850, 286977701607, vstest.console.dll, TestRunRequest.WaitForCompletion: Waiting with timeout -1.
TpTrace Verbose: 0 : 11676, 7, 2023/06/27, 04:22:59.850, 286977702803, vstest.console.dll, TestRunRequest:SendTestRunMessage: Starting.
TpTrace Verbose: 0 : 11676, 7, 2023/06/27, 04:22:59.850, 286977704083, vstest.console.dll, MulticastDelegateUtilities.SafeInvoke: TestRun.LogMessages: Invoking callback 1/1 for Microsoft.VisualStudio.TestPlatform.CommandLine.TestRunResultAggregator., took 0 ms.
TpTrace Information: 0 : 11676, 7, 2023/06/27, 04:22:59.850, 286977704314, vstest.console.dll, TestRunRequest:SendTestRunMessage: Completed.
TpTrace Verbose: 0 : 11676, 4, 2023/06/27, 04:22:59.850, 286977705833, vstest.console.dll, MulticastDelegateUtilities.SafeInvoke: InternalTestLoggerEvents.SendTestRunMessage: Invoking callback 1/1 for Microsoft.VisualStudio.TestPlatform.CommandLine.Internal.ConsoleLogger., took 0 ms.
TpTrace Verbose: 0 : 11676, 7, 2023/06/27, 04:22:59.850, 286977705868, vstest.console.dll, ProxyExecutionManager: Test host is always Lazy initialize.
TpTrace Verbose: 0 : 11676, 7, 2023/06/27, 04:22:59.850, 286977708255, vstest.console.dll, TestRequestSender.InitializeCommunication: initialize communication. 
TpTrace Information: 0 : 11676, 7, 2023/06/27, 04:22:59.851, 286977712732, vstest.console.dll, SocketServer.Start: Listening on endpoint : 127.0.0.1:61597
TpTrace Verbose: 0 : 11676, 7, 2023/06/27, 04:22:59.852, 286977720276, vstest.console.dll, DotnetTestHostmanager.GetTestHostProcessStartInfo: Platform environment 'X64' target architecture 'X64' framework '.NETCoreApp,Version=v6.0' OS 'Windows'
TpTrace Verbose: 0 : 11676, 7, 2023/06/27, 04:22:59.852, 286977722177, vstest.console.dll, DotnetTestHostmanager: Adding  --runtimeconfig "D:\GitHub\course_work_2\MusicSchoolEF\TestProject1\bin\Debug\net6.0\fine-code-coverage\build-output\TestProject1.runtimeconfig.json" in args
TpTrace Verbose: 0 : 11676, 7, 2023/06/27, 04:22:59.852, 286977722592, vstest.console.dll, DotnetTestHostmanager: Adding  --depsfile "D:\GitHub\course_work_2\MusicSchoolEF\TestProject1\bin\Debug\net6.0\fine-code-coverage\build-output\TestProject1.deps.json" in args
TpTrace Verbose: 0 : 11676, 7, 2023/06/27, 04:22:59.852, 286977724104, vstest.console.dll, DotnetTestHostmanager.IsWinOnArm: Current PROCESSOR_ARCHITECTURE from environment variable 'AMD64'
TpTrace Verbose: 0 : 11676, 7, 2023/06/27, 04:22:59.852, 286977724511, vstest.console.dll, DotnetTestHostmanager.IsWinOnArm: Is Windows on ARM 'False'
TpTrace Verbose: 0 : 11676, 7, 2023/06/27, 04:22:59.852, 286977724809, vstest.console.dll, DotnetTestHostManager: testhost.exe found at path: D:\GitHub\course_work_2\MusicSchoolEF\TestProject1\bin\Debug\net6.0\fine-code-coverage\build-output\testhost.exe
TpTrace Verbose: 0 : 11676, 7, 2023/06/27, 04:22:59.852, 286977725039, vstest.console.dll, DotnetTestHostmanager: Full path of host exe is D:\GitHub\course_work_2\MusicSchoolEF\TestProject1\bin\Debug\net6.0\fine-code-coverage\build-output\testhost.exe
TpTrace Verbose: 0 : 11676, 7, 2023/06/27, 04:22:59.852, 286977726073, vstest.console.dll, DotnetTestHostmanager.LaunchTestHostAsync: Found 'VSTEST_WINAPPHOST_DOTNET_ROOT' in env variables, value 'C:\Program Files\dotnet', forwarding to 'DOTNET_ROOT'
TpTrace Verbose: 0 : 11676, 7, 2023/06/27, 04:22:59.852, 286977727567, vstest.console.dll, DotnetTestHostManager: Starting process 'D:\GitHub\course_work_2\MusicSchoolEF\TestProject1\bin\Debug\net6.0\fine-code-coverage\build-output\testhost.exe' with command line ' --runtimeconfig "D:\GitHub\course_work_2\MusicSchoolEF\TestProject1\bin\Debug\net6.0\fine-code-coverage\build-output\TestProject1.runtimeconfig.json" --depsfile "D:\GitHub\course_work_2\MusicSchoolEF\TestProject1\bin\Debug\net6.0\fine-code-coverage\build-output\TestProject1.deps.json" --port 61597 --endpoint 127.0.0.1:061597 --role client --parentprocessid 11676 --diag "D:\GitHub\course_work_2\MusicSchoolEF\TestProject1\bin\Debug\net6.0\fine-code-coverage\coverage-tool-output\diagnostics.host.23-06-27_04-22-59_85165_7.log" --tracelevel 4 --datacollectionport 61596 --telemetryoptedin false'
TpTrace Verbose: 0 : 11676, 7, 2023/06/27, 04:22:59.879, 286977993736, vstest.console.dll, MulticastDelegateUtilities.SafeInvoke: HostProviderEvents.OnHostLaunched: Invoking callback 1/2 for Microsoft.VisualStudio.TestPlatform.CrossPlatEngine.Client.ProxyExecutionManagerWithDataCollection., took 1 ms.
TpTrace Verbose: 0 : 11676, 7, 2023/06/27, 04:22:59.879, 286977998079, vstest.console.dll, Test Runtime launched
TpTrace Verbose: 0 : 11676, 7, 2023/06/27, 04:22:59.880, 286978006480, vstest.console.dll, MulticastDelegateUtilities.SafeInvoke: HostProviderEvents.OnHostLaunched: Invoking callback 2/2 for Microsoft.VisualStudio.TestPlatform.CrossPlatEngine.Client.ProxyOperationManager., took 1 ms.
TpTrace Verbose: 0 : 11676, 7, 2023/06/27, 04:22:59.880, 286978008330, vstest.console.dll, TestRequestSender.WaitForRequestHandlerConnection: waiting for connection with timeout: 90000.
TpTrace Verbose: 0 : 11676, 12, 2023/06/27, 04:23:00.036, 286979561773, vstest.console.dll, MulticastDelegateUtilities.SafeInvoke: SocketServer: ClientConnected: Invoking callback 1/1 for Microsoft.VisualStudio.TestPlatform.CommunicationUtilities.TestRequestSender., took 0 ms.
TpTrace Verbose: 0 : 11676, 7, 2023/06/27, 04:23:00.036, 286979561959, vstest.console.dll, TestRequestSender.WaitForRequestHandlerConnection: waiting took 155 ms, with timeout 90000 ms, and result 0, which is success.
TpTrace Verbose: 0 : 11676, 12, 2023/06/27, 04:23:00.036, 286979562685, vstest.console.dll, SocketServer.OnClientConnected: Client connected for endPoint: 127.0.0.1:61597, starting MessageLoopAsync:
TpTrace Verbose: 0 : 11676, 12, 2023/06/27, 04:23:00.036, 286979565703, vstest.console.dll, TcpClientExtensions.MessageLoopAsync: Polling on remoteEndPoint: 127.0.0.1:61598 localEndPoint: 127.0.0.1:61597
TpTrace Verbose: 0 : 11676, 7, 2023/06/27, 04:23:00.037, 286979572306, vstest.console.dll, TestRequestSender.CheckVersionWithTestHost: Sending check version message: {"MessageType":"ProtocolVersion","Payload":7}
TpTrace Verbose: 0 : 11676, 12, 2023/06/27, 04:23:00.144, 286980643436, vstest.console.dll, TcpClientExtensions.MessageLoopAsync: NotifyDataAvailable remoteEndPoint: 127.0.0.1:61598 localEndPoint: 127.0.0.1:61597
TpTrace Verbose: 0 : 11676, 12, 2023/06/27, 04:23:00.144, 286980646073, vstest.console.dll, TestRequestSender.CheckVersionWithTestHost: onMessageReceived received message: (ProtocolVersion) -> {"MessageType":"ProtocolVersion","Payload":7}
TpTrace Verbose: 0 : 11676, 12, 2023/06/27, 04:23:00.145, 286980657990, vstest.console.dll, MulticastDelegateUtilities.SafeInvoke: LengthPrefixCommunicationChannel: MessageReceived: Invoking callback 1/1 for Microsoft.VisualStudio.TestPlatform.CommunicationUtilities.TestRequestSender+<>c__DisplayClass29_0., took 1 ms.
TpTrace Verbose: 0 : 11676, 7, 2023/06/27, 04:23:00.145, 286980658652, vstest.console.dll, TestPluginCache.GetExtensionPaths: Filtered extension paths: 
TpTrace Verbose: 0 : 11676, 12, 2023/06/27, 04:23:00.145, 286980659485, vstest.console.dll, TcpClientExtensions.MessageLoopAsync: Polling on remoteEndPoint: 127.0.0.1:61598 localEndPoint: 127.0.0.1:61597
TpTrace Verbose: 0 : 11676, 7, 2023/06/27, 04:23:00.145, 286980659817, vstest.console.dll, TestPluginCache.GetExtensionPaths: Added default extension paths: C:\Program Files\dotnet\sdk\7.0.203\Extensions\Microsoft.Diagnostics.NETCore.Client.dll
C:\Program Files\dotnet\sdk\7.0.203\Extensions\Microsoft.TestPlatform.Extensions.BlameDataCollector.dll
C:\Program Files\dotnet\sdk\7.0.203\Extensions\Microsoft.TestPlatform.Extensions.EventLogCollector.dll
C:\Program Files\dotnet\sdk\7.0.203\Extensions\Microsoft.TestPlatform.TestHostRuntimeProvider.dll
C:\Program Files\dotnet\sdk\7.0.203\Extensions\Microsoft.VisualStudio.TestPlatform.Extensions.Html.TestLogger.dll
C:\Program Files\dotnet\sdk\7.0.203\Extensions\Microsoft.VisualStudio.TestPlatform.Extensions.Trx.TestLogger.dll
TpTrace Verbose: 0 : 11676, 7, 2023/06/27, 04:23:00.146, 286980660201, vstest.console.dll, TestPluginCache.GetExtensionPaths: Added unfilterableExtensionPaths: 
TpTrace Verbose: 0 : 11676, 7, 2023/06/27, 04:23:00.148, 286980684171, vstest.console.dll, TestRequestSender.InitializeExecution: Sending initialize execution with message: {"Version":7,"MessageType":"TestExecution.Initialize","Payload":["D:\\GitHub\\course_work_2\\MusicSchoolEF\\TestProject1\\bin\\Debug\\net6.0\\fine-code-coverage\\build-output\\xunit.runner.visualstudio.dotnetcore.testadapter.dll"]}
TpTrace Warning: 0 : 11676, 7, 2023/06/27, 04:23:00.148, 286980690016, vstest.console.dll, InferRunSettingsHelper.MakeRunsettingsCompatible: Removing the following settings: TargetPlatform from RunSettings file. To use those settings please move to latest version of Microsoft.NET.Test.Sdk
TpTrace Verbose: 0 : 11676, 7, 2023/06/27, 04:23:00.156, 286980760170, vstest.console.dll, TestRequestSender.StartTestRun: Sending test run with message: {"Version":7,"MessageType":"TestExecution.StartWithSources","Payload":{"AdapterSourceMap":{"_none_":["D:\\GitHub\\course_work_2\\MusicSchoolEF\\TestProject1\\bin\\Debug\\net6.0\\fine-code-coverage\\build-output\\TestProject1.dll"]},"RunSettings":"<RunSettings>\r\n  <RunConfiguration>\r\n    <ResultsDirectory>D:\\GitHub\\course_work_2\\MusicSchoolEF\\TestProject1\\bin\\Debug\\net6.0\\fine-code-coverage\\coverage-tool-output</ResultsDirectory>\r\n    <TargetFrameworkVersion>.NETCoreApp,Version=v6.0</TargetFrameworkVersion>\r\n    <DesignMode>False</DesignMode>\r\n    <CollectSourceInformation>False</CollectSourceInformation>\r\n  </RunConfiguration>\r\n  <LoggerRunSettings>\r\n    <Loggers>\r\n      <Logger friendlyName=\"blame\" enabled=\"True\" />\r\n      <Logger friendlyName=\"Console\" uri=\"logger://microsoft/TestPlatform/ConsoleLogger/v1\" assemblyQualifiedName=\"Microsoft.VisualStudio.TestPlatform.CommandLine.Internal.ConsoleLogger, vstest.console, Version=15.0.0.0, Culture=neutral, PublicKeyToken=b03f5f7f11d50a3a\" codeBase=\"C:\\Program Files\\dotnet\\sdk\\7.0.203\\vstest.console.dll\" enabled=\"True\" />\r\n    </Loggers>\r\n  </LoggerRunSettings>\r\n  <DataCollectionRunSettings>\r\n    <DataCollectors>\r\n      <DataCollector friendlyName=\"blame\" enabled=\"True\">\r\n        <Configuration>\r\n          <ResultsDirectory>D:\\GitHub\\course_work_2\\MusicSchoolEF\\TestProject1\\bin\\Debug\\net6.0\\fine-code-coverage\\coverage-tool-output</ResultsDirectory>\r\n        </Configuration>\r\n      </DataCollector>\r\n    </DataCollectors>\r\n  </DataCollectionRunSettings>\r\n</RunSettings>","TestExecutionContext":{"FrequencyOfRunStatsChangeEvent":10,"RunStatsChangeEventTimeout":"00:00:01.5000000","InIsolation":false,"KeepAlive":false,"AreTestCaseLevelEventsRequired":false,"IsDebug":false,"TestCaseFilter":null,"FilterOptions":null},"Package":null}}
TpTrace Verbose: 0 : 11676, 12, 2023/06/27, 04:23:00.167, 286980873797, vstest.console.dll, TcpClientExtensions.MessageLoopAsync: NotifyDataAvailable remoteEndPoint: 127.0.0.1:61598 localEndPoint: 127.0.0.1:61597
TpTrace Verbose: 0 : 11676, 12, 2023/06/27, 04:23:00.167, 286980880052, vstest.console.dll, TestRequestSender.OnExecutionMessageReceived: Received message: {"Version":7,"MessageType":"TestSession.Message","Payload":{"MessageLevel":0,"Message":"Ведение журналов диагностики TestHost в файле: D:\\GitHub\\course_work_2\\MusicSchoolEF\\TestProject1\\bin\\Debug\\net6.0\\fine-code-coverage\\coverage-tool-output\\diagnostics.host.23-06-27_04-22-59_85165_7.log"}}
TpTrace Verbose: 0 : 11676, 12, 2023/06/27, 04:23:00.169, 286980898397, vstest.console.dll, TestRunRequest:SendTestRunMessage: Starting.
TpTrace Verbose: 0 : 11676, 12, 2023/06/27, 04:23:00.169, 286980899589, vstest.console.dll, MulticastDelegateUtilities.SafeInvoke: TestRun.LogMessages: Invoking callback 1/1 for Microsoft.VisualStudio.TestPlatform.CommandLine.TestRunResultAggregator., took 0 ms.
TpTrace Information: 0 : 11676, 12, 2023/06/27, 04:23:00.169, 286980899798, vstest.console.dll, TestRunRequest:SendTestRunMessage: Completed.
TpTrace Verbose: 0 : 11676, 12, 2023/06/27, 04:23:00.169, 286980900074, vstest.console.dll, MulticastDelegateUtilities.SafeInvoke: LengthPrefixCommunicationChannel: MessageReceived: Invoking callback 1/1 for Microsoft.VisualStudio.TestPlatform.CommunicationUtilities.TestRequestSender+<>c__DisplayClass34_0., took 2 ms.
TpTrace Verbose: 0 : 11676, 4, 2023/06/27, 04:23:00.169, 286980900146, vstest.console.dll, MulticastDelegateUtilities.SafeInvoke: InternalTestLoggerEvents.SendTestRunMessage: Invoking callback 1/1 for Microsoft.VisualStudio.TestPlatform.CommandLine.Internal.ConsoleLogger., took 0 ms.
TpTrace Verbose: 0 : 11676, 12, 2023/06/27, 04:23:00.170, 286980900297, vstest.console.dll, TcpClientExtensions.MessageLoopAsync: Polling on remoteEndPoint: 127.0.0.1:61598 localEndPoint: 127.0.0.1:61597
TpTrace Verbose: 0 : 11676, 12, 2023/06/27, 04:23:00.329, 286982491284, vstest.console.dll, TcpClientExtensions.MessageLoopAsync: NotifyDataAvailable remoteEndPoint: 127.0.0.1:61598 localEndPoint: 127.0.0.1:61597
TpTrace Verbose: 0 : 11676, 12, 2023/06/27, 04:23:00.329, 286982496642, vstest.console.dll, TestRequestSender.OnExecutionMessageReceived: Received message: {"Version":7,"MessageType":"TestSession.Message","Payload":{"MessageLevel":0,"Message":"[xUnit.net 00:00:00.00] xUnit.net VSTest Adapter v2.4.5+1caef2f33e (64-bit .NET 6.0.16)"}}
TpTrace Verbose: 0 : 11676, 12, 2023/06/27, 04:23:00.329, 286982499383, vstest.console.dll, TestRunRequest:SendTestRunMessage: Starting.
TpTrace Verbose: 0 : 11676, 12, 2023/06/27, 04:23:00.329, 286982500128, vstest.console.dll, MulticastDelegateUtilities.SafeInvoke: TestRun.LogMessages: Invoking callback 1/1 for Microsoft.VisualStudio.TestPlatform.CommandLine.TestRunResultAggregator., took 0 ms.
TpTrace Information: 0 : 11676, 12, 2023/06/27, 04:23:00.330, 286982500335, vstest.console.dll, TestRunRequest:SendTestRunMessage: Completed.
TpTrace Verbose: 0 : 11676, 4, 2023/06/27, 04:23:00.330, 286982500529, vstest.console.dll, MulticastDelegateUtilities.SafeInvoke: InternalTestLoggerEvents.SendTestRunMessage: Invoking callback 1/1 for Microsoft.VisualStudio.TestPlatform.CommandLine.Internal.ConsoleLogger., took 0 ms.
TpTrace Verbose: 0 : 11676, 12, 2023/06/27, 04:23:00.330, 286982500635, vstest.console.dll, MulticastDelegateUtilities.SafeInvoke: LengthPrefixCommunicationChannel: MessageReceived: Invoking callback 1/1 for Microsoft.VisualStudio.TestPlatform.CommunicationUtilities.TestRequestSender+<>c__DisplayClass34_0., took 0 ms.
TpTrace Verbose: 0 : 11676, 12, 2023/06/27, 04:23:00.330, 286982501859, vstest.console.dll, TcpClientExtensions.MessageLoopAsync: Polling on remoteEndPoint: 127.0.0.1:61598 localEndPoint: 127.0.0.1:61597
TpTrace Verbose: 0 : 11676, 12, 2023/06/27, 04:23:01.331, 286992514910, vstest.console.dll, TcpClientExtensions.MessageLoopAsync: Polling on remoteEndPoint: 127.0.0.1:61598 localEndPoint: 127.0.0.1:61597
TpTrace Verbose: 0 : 11676, 12, 2023/06/27, 04:23:02.153, 287000730405, vstest.console.dll, TcpClientExtensions.MessageLoopAsync: NotifyDataAvailable remoteEndPoint: 127.0.0.1:61598 localEndPoint: 127.0.0.1:61597
TpTrace Verbose: 0 : 11676, 12, 2023/06/27, 04:23:02.153, 287000732545, vstest.console.dll, TestRequestSender.OnExecutionMessageReceived: Received message: {"Version":7,"MessageType":"TestSession.Message","Payload":{"MessageLevel":0,"Message":"[xUnit.net 00:00:01.82]   Discovering: TestProject1"}}
TpTrace Verbose: 0 : 11676, 12, 2023/06/27, 04:23:02.153, 287000733880, vstest.console.dll, TestRunRequest:SendTestRunMessage: Starting.
TpTrace Verbose: 0 : 11676, 12, 2023/06/27, 04:23:02.153, 287000734577, vstest.console.dll, MulticastDelegateUtilities.SafeInvoke: TestRun.LogMessages: Invoking callback 1/1 for Microsoft.VisualStudio.TestPlatform.CommandLine.TestRunResultAggregator., took 0 ms.
TpTrace Information: 0 : 11676, 12, 2023/06/27, 04:23:02.153, 287000735055, vstest.console.dll, TestRunRequest:SendTestRunMessage: Completed.
TpTrace Verbose: 0 : 11676, 4, 2023/06/27, 04:23:02.153, 287000735070, vstest.console.dll, MulticastDelegateUtilities.SafeInvoke: InternalTestLoggerEvents.SendTestRunMessage: Invoking callback 1/1 for Microsoft.VisualStudio.TestPlatform.CommandLine.Internal.ConsoleLogger., took 0 ms.
TpTrace Verbose: 0 : 11676, 12, 2023/06/27, 04:23:02.153, 287000735423, vstest.console.dll, MulticastDelegateUtilities.SafeInvoke: LengthPrefixCommunicationChannel: MessageReceived: Invoking callback 1/1 for Microsoft.VisualStudio.TestPlatform.CommunicationUtilities.TestRequestSender+<>c__DisplayClass34_0., took 0 ms.
TpTrace Verbose: 0 : 11676, 12, 2023/06/27, 04:23:02.153, 287000737095, vstest.console.dll, TcpClientExtensions.MessageLoopAsync: Polling on remoteEndPoint: 127.0.0.1:61598 localEndPoint: 127.0.0.1:61597
TpTrace Verbose: 0 : 11676, 12, 2023/06/27, 04:23:02.182, 287001024751, vstest.console.dll, TcpClientExtensions.MessageLoopAsync: NotifyDataAvailable remoteEndPoint: 127.0.0.1:61598 localEndPoint: 127.0.0.1:61597
TpTrace Verbose: 0 : 11676, 12, 2023/06/27, 04:23:02.182, 287001026521, vstest.console.dll, TestRequestSender.OnExecutionMessageReceived: Received message: {"Version":7,"MessageType":"TestSession.Message","Payload":{"MessageLevel":0,"Message":"[xUnit.net 00:00:01.85]   Discovered:  TestProject1"}}
TpTrace Verbose: 0 : 11676, 12, 2023/06/27, 04:23:02.182, 287001027569, vstest.console.dll, TestRunRequest:SendTestRunMessage: Starting.
TpTrace Verbose: 0 : 11676, 12, 2023/06/27, 04:23:02.182, 287001027906, vstest.console.dll, MulticastDelegateUtilities.SafeInvoke: TestRun.LogMessages: Invoking callback 1/1 for Microsoft.VisualStudio.TestPlatform.CommandLine.TestRunResultAggregator., took 0 ms.
TpTrace Information: 0 : 11676, 12, 2023/06/27, 04:23:02.182, 287001028115, vstest.console.dll, TestRunRequest:SendTestRunMessage: Completed.
TpTrace Verbose: 0 : 11676, 4, 2023/06/27, 04:23:02.182, 287001028194, vstest.console.dll, MulticastDelegateUtilities.SafeInvoke: InternalTestLoggerEvents.SendTestRunMessage: Invoking callback 1/1 for Microsoft.VisualStudio.TestPlatform.CommandLine.Internal.ConsoleLogger., took 0 ms.
TpTrace Verbose: 0 : 11676, 12, 2023/06/27, 04:23:02.182, 287001028280, vstest.console.dll, MulticastDelegateUtilities.SafeInvoke: LengthPrefixCommunicationChannel: MessageReceived: Invoking callback 1/1 for Microsoft.VisualStudio.TestPlatform.CommunicationUtilities.TestRequestSender+<>c__DisplayClass34_0., took 0 ms.
TpTrace Verbose: 0 : 11676, 12, 2023/06/27, 04:23:02.182, 287001029786, vstest.console.dll, TcpClientExtensions.MessageLoopAsync: Polling on remoteEndPoint: 127.0.0.1:61598 localEndPoint: 127.0.0.1:61597
TpTrace Verbose: 0 : 11676, 12, 2023/06/27, 04:23:02.184, 287001042533, vstest.console.dll, TcpClientExtensions.MessageLoopAsync: NotifyDataAvailable remoteEndPoint: 127.0.0.1:61598 localEndPoint: 127.0.0.1:61597
TpTrace Verbose: 0 : 11676, 12, 2023/06/27, 04:23:02.184, 287001043817, vstest.console.dll, TestRequestSender.OnExecutionMessageReceived: Received message: {"Version":7,"MessageType":"TestSession.Message","Payload":{"MessageLevel":0,"Message":"[xUnit.net 00:00:01.85]   Starting:    TestProject1"}}
TpTrace Verbose: 0 : 11676, 12, 2023/06/27, 04:23:02.184, 287001044995, vstest.console.dll, TestRunRequest:SendTestRunMessage: Starting.
TpTrace Verbose: 0 : 11676, 12, 2023/06/27, 04:23:02.184, 287001045349, vstest.console.dll, MulticastDelegateUtilities.SafeInvoke: TestRun.LogMessages: Invoking callback 1/1 for Microsoft.VisualStudio.TestPlatform.CommandLine.TestRunResultAggregator., took 0 ms.
TpTrace Information: 0 : 11676, 12, 2023/06/27, 04:23:02.184, 287001045543, vstest.console.dll, TestRunRequest:SendTestRunMessage: Completed.
TpTrace Verbose: 0 : 11676, 12, 2023/06/27, 04:23:02.184, 287001046057, vstest.console.dll, MulticastDelegateUtilities.SafeInvoke: LengthPrefixCommunicationChannel: MessageReceived: Invoking callback 1/1 for Microsoft.VisualStudio.TestPlatform.CommunicationUtilities.TestRequestSender+<>c__DisplayClass34_0., took 0 ms.
TpTrace Verbose: 0 : 11676, 4, 2023/06/27, 04:23:02.184, 287001045633, vstest.console.dll, MulticastDelegateUtilities.SafeInvoke: InternalTestLoggerEvents.SendTestRunMessage: Invoking callback 1/1 for Microsoft.VisualStudio.TestPlatform.CommandLine.Internal.ConsoleLogger., took 0 ms.
TpTrace Verbose: 0 : 11676, 12, 2023/06/27, 04:23:02.184, 287001046254, vstest.console.dll, TcpClientExtensions.MessageLoopAsync: Polling on remoteEndPoint: 127.0.0.1:61598 localEndPoint: 127.0.0.1:61597
TpTrace Verbose: 0 : 11676, 12, 2023/06/27, 04:23:02.241, 287001610995, vstest.console.dll, TcpClientExtensions.MessageLoopAsync: NotifyDataAvailable remoteEndPoint: 127.0.0.1:61598 localEndPoint: 127.0.0.1:61597
TpTrace Verbose: 0 : 11676, 12, 2023/06/27, 04:23:02.241, 287001612566, vstest.console.dll, TestRequestSender.OnExecutionMessageReceived: Received message: {"Version":7,"MessageType":"TestExecution.StatsChange","Payload":{"NewTestResults":[],"TestRunStatistics":{"ExecutedTests":0,"Stats":{}},"ActiveTests":[{"Id":"e2a586fd-216b-4622-bb5e-21a9f1a13877","FullyQualifiedName":"TestProject1.PasswordHelperTest.IsPasswordValidTest1","DisplayName":"TestProject1.PasswordHelperTest.IsPasswordValidTest1","ExecutorUri":"executor://xunit/VsTestRunner2/netcoreapp","Source":"D:\\GitHub\\course_work_2\\MusicSchoolEF\\TestProject1\\bin\\Debug\\net6.0\\fine-code-coverage\\build-output\\TestProject1.dll","CodeFilePath":null,"LineNumber":0,"Properties":[]}]}}
TpTrace Verbose: 0 : 11676, 12, 2023/06/27, 04:23:02.256, 287001769138, vstest.console.dll, TestRunRequest:SendTestRunStatsChange: Starting.
TpTrace Verbose: 0 : 11676, 12, 2023/06/27, 04:23:02.257, 287001771002, vstest.console.dll, InProgress is TestProject1.PasswordHelperTest.IsPasswordValidTest1
TpTrace Verbose: 0 : 11676, 12, 2023/06/27, 04:23:02.257, 287001771853, vstest.console.dll, MulticastDelegateUtilities.SafeInvoke: TestRun.RunStatsChanged: Invoking callbacks was skipped because there are no subscribers.
TpTrace Information: 0 : 11676, 12, 2023/06/27, 04:23:02.257, 287001772065, vstest.console.dll, TestRunRequest:SendTestRunStatsChange: Completed.
TpTrace Verbose: 0 : 11676, 12, 2023/06/27, 04:23:02.257, 287001772264, vstest.console.dll, MulticastDelegateUtilities.SafeInvoke: LengthPrefixCommunicationChannel: MessageReceived: Invoking callback 1/1 for Microsoft.VisualStudio.TestPlatform.CommunicationUtilities.TestRequestSender+<>c__DisplayClass34_0., took 15 ms.
TpTrace Verbose: 0 : 11676, 12, 2023/06/27, 04:23:02.257, 287001772512, vstest.console.dll, TcpClientExtensions.MessageLoopAsync: Polling on remoteEndPoint: 127.0.0.1:61598 localEndPoint: 127.0.0.1:61597
TpTrace Verbose: 0 : 11676, 12, 2023/06/27, 04:23:02.307, 287002277915, vstest.console.dll, TcpClientExtensions.MessageLoopAsync: NotifyDataAvailable remoteEndPoint: 127.0.0.1:61598 localEndPoint: 127.0.0.1:61597
TpTrace Verbose: 0 : 11676, 12, 2023/06/27, 04:23:02.308, 287002281460, vstest.console.dll, TestRequestSender.OnExecutionMessageReceived: Received message: {"Version":7,"MessageType":"TestExecution.StatsChange","Payload":{"NewTestResults":[{"TestCase":{"Id":"e2a586fd-216b-4622-bb5e-21a9f1a13877","FullyQualifiedName":"TestProject1.PasswordHelperTest.IsPasswordValidTest1","DisplayName":"TestProject1.PasswordHelperTest.IsPasswordValidTest1","ExecutorUri":"executor://xunit/VsTestRunner2/netcoreapp","Source":"D:\\GitHub\\course_work_2\\MusicSchoolEF\\TestProject1\\bin\\Debug\\net6.0\\fine-code-coverage\\build-output\\TestProject1.dll","CodeFilePath":null,"LineNumber":0,"Properties":[]},"Attachments":[],"Outcome":1,"ErrorMessage":null,"ErrorStackTrace":null,"DisplayName":"TestProject1.PasswordHelperTest.IsPasswordValidTest1","Messages":[],"ComputerName":"DESKTOP-10AIDN4","Duration":"00:00:00.0052598","StartTime":"2023-06-26T23:23:02.2711073+00:00","EndTime":"2023-06-26T23:23:02.271121+00:00","Properties":[]},{"TestCase":{"Id":"9fc0472f-bc83-bc05-d2df-3502e667aee9","FullyQualifiedName":"TestProject1.StringHelperTest.MyTrim2","DisplayName":"TestProject1.StringHelperTest.MyTrim2","ExecutorUri":"executor://xunit/VsTestRunner2/netcoreapp","Source":"D:\\GitHub\\course_work_2\\MusicSchoolEF\\TestProject1\\bin\\Debug\\net6.0\\fine-code-coverage\\build-output\\TestProject1.dll","CodeFilePath":null,"LineNumber":0,"Properties":[]},"Attachments":[],"Outcome":1,"ErrorMessage":null,"ErrorStackTrace":null,"DisplayName":"TestProject1.StringHelperTest.MyTrim2","Messages":[],"ComputerName":"DESKTOP-10AIDN4","Duration":"00:00:00.0073324","StartTime":"2023-06-26T23:23:02.2867476+00:00","EndTime":"2023-06-26T23:23:02.2867476+00:00","Properties":[]},{"TestCase":{"Id":"0aa83d39-1525-38ef-934d-08e7d53aa833","FullyQualifiedName":"TestProject1.StringHelperTest.MyTrim6","DisplayName":"TestProject1.StringHelperTest.MyTrim6","ExecutorUri":"executor://xunit/VsTestRunner2/netcoreapp","Source":"D:\\GitHub\\course_work_2\\MusicSchoolEF\\TestProject1\\bin\\Debug\\net6.0\\fine-code-coverage\\build-output\\TestProject1.dll","CodeFilePath":null,"LineNumber":0,"Properties":[]},"Attachments":[],"Outcome":1,"ErrorMessage":null,"ErrorStackTrace":null,"DisplayName":"TestProject1.StringHelperTest.MyTrim6","Messages":[],"ComputerName":"DESKTOP-10AIDN4","Duration":"00:00:00.0001352","StartTime":"2023-06-26T23:23:02.2906877+00:00","EndTime":"2023-06-26T23:23:02.2906878+00:00","Properties":[]},{"TestCase":{"Id":"f376c1da-330a-17b0-e511-f8896a651977","FullyQualifiedName":"TestProject1.PasswordHelperTest.IsPasswordValidTest3","DisplayName":"TestProject1.PasswordHelperTest.IsPasswordValidTest3","ExecutorUri":"executor://xunit/VsTestRunner2/netcoreapp","Source":"D:\\GitHub\\course_work_2\\MusicSchoolEF\\TestProject1\\bin\\Debug\\net6.0\\fine-code-coverage\\build-output\\TestProject1.dll","CodeFilePath":null,"LineNumber":0,"Properties":[]},"Attachments":[],"Outcome":1,"ErrorMessage":null,"ErrorStackTrace":null,"DisplayName":"TestProject1.PasswordHelperTest.IsPasswordValidTest3","Messages":[],"ComputerName":"DESKTOP-10AIDN4","Duration":"00:00:00.0001772","StartTime":"2023-06-26T23:23:02.2927355+00:00","EndTime":"2023-06-26T23:23:02.2927355+00:00","Properties":[]},{"TestCase":{"Id":"70a23ae9-2e8c-5efe-4596-44e07e3512d8","FullyQualifiedName":"TestProject1.PasswordHelperTest.IsPasswordValidTest2","DisplayName":"TestProject1.PasswordHelperTest.IsPasswordValidTest2","ExecutorUri":"executor://xunit/VsTestRunner2/netcoreapp","Source":"D:\\GitHub\\course_work_2\\MusicSchoolEF\\TestProject1\\bin\\Debug\\net6.0\\fine-code-coverage\\build-output\\TestProject1.dll","CodeFilePath":null,"LineNumber":0,"Properties":[]},"Attachments":[],"Outcome":1,"ErrorMessage":null,"ErrorStackTrace":null,"DisplayName":"TestProject1.PasswordHelperTest.IsPasswordValidTest2","Messages":[],"ComputerName":"DESKTOP-10AIDN4","Duration":"00:00:00.0000694","StartTime":"2023-06-26T23:23:02.2945593+00:00","EndTime":"2023-06-26T23:23:02.2945594+00:00","Properties":[]},{"TestCase":{"Id":"0c77c22d-5be4-ac70-bc6f-5d1ad6efb504","FullyQualifiedName":"TestProject1.PasswordHelperTest.GetHashPasswordTest3","DisplayName":"TestProject1.PasswordHelperTest.GetHashPasswordTest3","ExecutorUri":"executor://xunit/VsTestRunner2/netcoreapp","Source":"D:\\GitHub\\course_work_2\\MusicSchoolEF\\TestProject1\\bin\\Debug\\net6.0\\fine-code-coverage\\build-output\\TestProject1.dll","CodeFilePath":null,"LineNumber":0,"Properties":[]},"Attachments":[],"Outcome":1,"ErrorMessage":null,"ErrorStackTrace":null,"DisplayName":"TestProject1.PasswordHelperTest.GetHashPasswordTest3","Messages":[],"ComputerName":"DESKTOP-10AIDN4","Duration":"00:00:00.0000621","StartTime":"2023-06-26T23:23:02.2970268+00:00","EndTime":"2023-06-26T23:23:02.2970269+00:00","Properties":[]},{"TestCase":{"Id":"c378cc8d-0cdb-2c78-f160-43debcf5df55","FullyQualifiedName":"TestProject1.PasswordHelperTest.GetHashPasswordTest1","DisplayName":"TestProject1.PasswordHelperTest.GetHashPasswordTest1","ExecutorUri":"executor://xunit/VsTestRunner2/netcoreapp","Source":"D:\\GitHub\\course_work_2\\MusicSchoolEF\\TestProject1\\bin\\Debug\\net6.0\\fine-code-coverage\\build-output\\TestProject1.dll","CodeFilePath":null,"LineNumber":0,"Properties":[]},"Attachments":[],"Outcome":1,"ErrorMessage":null,"ErrorStackTrace":null,"DisplayName":"TestProject1.PasswordHelperTest.GetHashPasswordTest1","Messages":[],"ComputerName":"DESKTOP-10AIDN4","Duration":"00:00:00.0000562","StartTime":"2023-06-26T23:23:02.2989061+00:00","EndTime":"2023-06-26T23:23:02.2989062+00:00","Properties":[]}],"TestRunStatistics":{"ExecutedTests":7,"Stats":{"Passed":7}},"ActiveTests":[{"Id":"4b80bb8f-1eec-cf4f-e898-304904fde7a1","FullyQualifiedName":"TestProject1.StudentNodesTest.GetStudentNodesTree1","DisplayName":"TestProject1.StudentNodesTest.GetStudentNodesTree1","ExecutorUri":"executor://xunit/VsTestRunner2/netcoreapp","Source":"D:\\GitHub\\course_work_2\\MusicSchoolEF\\TestProject1\\bin\\Debug\\net6.0\\fine-code-coverage\\build-output\\TestProject1.dll","CodeFilePath":null,"LineNumber":0,"Properties":[]},{"Id":"435a753d-6c98-83cb-4844-f9440b04d546","FullyQualifiedName":"TestProject1.StringHelperTest.MyTrim4","DisplayName":"TestProject1.StringHelperTest.MyTrim4","ExecutorUri":"executor://xunit/VsTestRunner2/netcoreapp","Source":"D:\\GitHub\\course_work_2\\MusicSchoolEF\\TestProject1\\bin\\Debug\\net6.0\\fine-code-coverage\\build-output\\TestProject1.dll","CodeFilePath":null,"LineNumber":0,"Properties":[]},{"Id":"45debe36-bc15-bbd4-9cac-6aab84042d82","FullyQualifiedName":"TestProject1.PasswordHelperTest.GetHashPasswordTest2","DisplayName":"TestProject1.PasswordHelperTest.GetHashPasswordTest2","ExecutorUri":"executor://xunit/VsTestRunner2/netcoreapp","Source":"D:\\GitHub\\course_work_2\\MusicSchoolEF\\TestProject1\\bin\\Debug\\net6.0\\fine-code-coverage\\build-output\\TestProject1.dll","CodeFilePath":null,"LineNumber":0,"Properties":[]}]}}
TpTrace Verbose: 0 : 11676, 12, 2023/06/27, 04:23:02.317, 287002376487, vstest.console.dll, TestRunRequest:SendTestRunStatsChange: Starting.
TpTrace Verbose: 0 : 11676, 12, 2023/06/27, 04:23:02.317, 287002377538, vstest.console.dll, InProgress is TestProject1.StudentNodesTest.GetStudentNodesTree1
TpTrace Verbose: 0 : 11676, 12, 2023/06/27, 04:23:02.317, 287002377785, vstest.console.dll, InProgress is TestProject1.StringHelperTest.MyTrim4
TpTrace Verbose: 0 : 11676, 12, 2023/06/27, 04:23:02.317, 287002377936, vstest.console.dll, InProgress is TestProject1.PasswordHelperTest.GetHashPasswordTest2
TpTrace Verbose: 0 : 11676, 12, 2023/06/27, 04:23:02.317, 287002379796, vstest.console.dll, MulticastDelegateUtilities.SafeInvoke: TestRun.RunStatsChanged: Invoking callbacks was skipped because there are no subscribers.
TpTrace Information: 0 : 11676, 12, 2023/06/27, 04:23:02.317, 287002380112, vstest.console.dll, TestRunRequest:SendTestRunStatsChange: Completed.
TpTrace Verbose: 0 : 11676, 12, 2023/06/27, 04:23:02.318, 287002380314, vstest.console.dll, MulticastDelegateUtilities.SafeInvoke: LengthPrefixCommunicationChannel: MessageReceived: Invoking callback 1/1 for Microsoft.VisualStudio.TestPlatform.CommunicationUtilities.TestRequestSender+<>c__DisplayClass34_0., took 9 ms.
TpTrace Verbose: 0 : 11676, 12, 2023/06/27, 04:23:02.318, 287002380517, vstest.console.dll, TcpClientExtensions.MessageLoopAsync: Polling on remoteEndPoint: 127.0.0.1:61598 localEndPoint: 127.0.0.1:61597
TpTrace Verbose: 0 : 11676, 4, 2023/06/27, 04:23:02.321, 287002411389, vstest.console.dll, MulticastDelegateUtilities.SafeInvoke: InternalTestLoggerEvents.SendTestResult: Invoking callback 1/1 for Microsoft.VisualStudio.TestPlatform.CommandLine.Internal.ConsoleLogger., took 3 ms.
TpTrace Verbose: 0 : 11676, 4, 2023/06/27, 04:23:02.321, 287002414084, vstest.console.dll, MulticastDelegateUtilities.SafeInvoke: InternalTestLoggerEvents.SendTestResult: Invoking callback 1/1 for Microsoft.VisualStudio.TestPlatform.CommandLine.Internal.ConsoleLogger., took 0 ms.
TpTrace Verbose: 0 : 11676, 4, 2023/06/27, 04:23:02.321, 287002414557, vstest.console.dll, MulticastDelegateUtilities.SafeInvoke: InternalTestLoggerEvents.SendTestResult: Invoking callback 1/1 for Microsoft.VisualStudio.TestPlatform.CommandLine.Internal.ConsoleLogger., took 0 ms.
TpTrace Verbose: 0 : 11676, 4, 2023/06/27, 04:23:02.321, 287002414845, vstest.console.dll, MulticastDelegateUtilities.SafeInvoke: InternalTestLoggerEvents.SendTestResult: Invoking callback 1/1 for Microsoft.VisualStudio.TestPlatform.CommandLine.Internal.ConsoleLogger., took 0 ms.
TpTrace Verbose: 0 : 11676, 4, 2023/06/27, 04:23:02.321, 287002415071, vstest.console.dll, MulticastDelegateUtilities.SafeInvoke: InternalTestLoggerEvents.SendTestResult: Invoking callback 1/1 for Microsoft.VisualStudio.TestPlatform.CommandLine.Internal.ConsoleLogger., took 0 ms.
TpTrace Verbose: 0 : 11676, 4, 2023/06/27, 04:23:02.321, 287002415280, vstest.console.dll, MulticastDelegateUtilities.SafeInvoke: InternalTestLoggerEvents.SendTestResult: Invoking callback 1/1 for Microsoft.VisualStudio.TestPlatform.CommandLine.Internal.ConsoleLogger., took 0 ms.
TpTrace Verbose: 0 : 11676, 4, 2023/06/27, 04:23:02.321, 287002415532, vstest.console.dll, MulticastDelegateUtilities.SafeInvoke: InternalTestLoggerEvents.SendTestResult: Invoking callback 1/1 for Microsoft.VisualStudio.TestPlatform.CommandLine.Internal.ConsoleLogger., took 0 ms.
TpTrace Verbose: 0 : 11676, 12, 2023/06/27, 04:23:02.324, 287002447982, vstest.console.dll, TcpClientExtensions.MessageLoopAsync: NotifyDataAvailable remoteEndPoint: 127.0.0.1:61598 localEndPoint: 127.0.0.1:61597
TpTrace Verbose: 0 : 11676, 12, 2023/06/27, 04:23:02.324, 287002449874, vstest.console.dll, TestRequestSender.OnExecutionMessageReceived: Received message: {"Version":7,"MessageType":"TestSession.Message","Payload":{"MessageLevel":2,"Message":"[xUnit.net 00:00:01.99]     TestProject1.StudentNodesTest.GetStudentNodesTree1 [FAIL]"}}
TpTrace Verbose: 0 : 11676, 12, 2023/06/27, 04:23:02.325, 287002451561, vstest.console.dll, TestRunRequest:SendTestRunMessage: Starting.
TpTrace Verbose: 0 : 11676, 12, 2023/06/27, 04:23:02.325, 287002452258, vstest.console.dll, MulticastDelegateUtilities.SafeInvoke: TestRun.LogMessages: Invoking callback 1/1 for Microsoft.VisualStudio.TestPlatform.CommandLine.TestRunResultAggregator., took 0 ms.
TpTrace Information: 0 : 11676, 12, 2023/06/27, 04:23:02.325, 287002452699, vstest.console.dll, TestRunRequest:SendTestRunMessage: Completed.
TpTrace Verbose: 0 : 11676, 12, 2023/06/27, 04:23:02.325, 287002453048, vstest.console.dll, MulticastDelegateUtilities.SafeInvoke: LengthPrefixCommunicationChannel: MessageReceived: Invoking callback 1/1 for Microsoft.VisualStudio.TestPlatform.CommunicationUtilities.TestRequestSender+<>c__DisplayClass34_0., took 0 ms.
TpTrace Verbose: 0 : 11676, 12, 2023/06/27, 04:23:02.325, 287002453447, vstest.console.dll, TcpClientExtensions.MessageLoopAsync: Polling on remoteEndPoint: 127.0.0.1:61598 localEndPoint: 127.0.0.1:61597
TpTrace Verbose: 0 : 11676, 4, 2023/06/27, 04:23:02.325, 287002453698, vstest.console.dll, MulticastDelegateUtilities.SafeInvoke: InternalTestLoggerEvents.SendTestRunMessage: Invoking callback 1/1 for Microsoft.VisualStudio.TestPlatform.CommandLine.Internal.ConsoleLogger., took 0 ms.
TpTrace Verbose: 0 : 11676, 12, 2023/06/27, 04:23:02.325, 287002456487, vstest.console.dll, TcpClientExtensions.MessageLoopAsync: NotifyDataAvailable remoteEndPoint: 127.0.0.1:61598 localEndPoint: 127.0.0.1:61597
TpTrace Verbose: 0 : 11676, 12, 2023/06/27, 04:23:02.325, 287002457287, vstest.console.dll, TestRequestSender.OnExecutionMessageReceived: Received message: {"Version":7,"MessageType":"TestSession.Message","Payload":{"MessageLevel":0,"Message":"[xUnit.net 00:00:02.00]       Assert.Equal() Failure"}}
TpTrace Verbose: 0 : 11676, 12, 2023/06/27, 04:23:02.325, 287002458107, vstest.console.dll, TestRunRequest:SendTestRunMessage: Starting.
TpTrace Verbose: 0 : 11676, 12, 2023/06/27, 04:23:02.325, 287002458537, vstest.console.dll, MulticastDelegateUtilities.SafeInvoke: TestRun.LogMessages: Invoking callback 1/1 for Microsoft.VisualStudio.TestPlatform.CommandLine.TestRunResultAggregator., took 0 ms.
TpTrace Information: 0 : 11676, 12, 2023/06/27, 04:23:02.325, 287002458758, vstest.console.dll, TestRunRequest:SendTestRunMessage: Completed.
TpTrace Verbose: 0 : 11676, 12, 2023/06/27, 04:23:02.325, 287002458918, vstest.console.dll, MulticastDelegateUtilities.SafeInvoke: LengthPrefixCommunicationChannel: MessageReceived: Invoking callback 1/1 for Microsoft.VisualStudio.TestPlatform.CommunicationUtilities.TestRequestSender+<>c__DisplayClass34_0., took 0 ms.
TpTrace Verbose: 0 : 11676, 4, 2023/06/27, 04:23:02.325, 287002459021, vstest.console.dll, MulticastDelegateUtilities.SafeInvoke: InternalTestLoggerEvents.SendTestRunMessage: Invoking callback 1/1 for Microsoft.VisualStudio.TestPlatform.CommandLine.Internal.ConsoleLogger., took 0 ms.
TpTrace Verbose: 0 : 11676, 12, 2023/06/27, 04:23:02.325, 287002459111, vstest.console.dll, TcpClientExtensions.MessageLoopAsync: Polling on remoteEndPoint: 127.0.0.1:61598 localEndPoint: 127.0.0.1:61597
TpTrace Verbose: 0 : 11676, 12, 2023/06/27, 04:23:02.326, 287002460657, vstest.console.dll, TcpClientExtensions.MessageLoopAsync: NotifyDataAvailable remoteEndPoint: 127.0.0.1:61598 localEndPoint: 127.0.0.1:61597
TpTrace Verbose: 0 : 11676, 12, 2023/06/27, 04:23:02.326, 287002461387, vstest.console.dll, TestRequestSender.OnExecutionMessageReceived: Received message: {"Version":7,"MessageType":"TestSession.Message","Payload":{"MessageLevel":0,"Message":"[xUnit.net 00:00:02.00]                           ↓ (pos 2)"}}
TpTrace Verbose: 0 : 11676, 12, 2023/06/27, 04:23:02.326, 287002461938, vstest.console.dll, TestRunRequest:SendTestRunMessage: Starting.
TpTrace Verbose: 0 : 11676, 12, 2023/06/27, 04:23:02.326, 287002462205, vstest.console.dll, MulticastDelegateUtilities.SafeInvoke: TestRun.LogMessages: Invoking callback 1/1 for Microsoft.VisualStudio.TestPlatform.CommandLine.TestRunResultAggregator., took 0 ms.
TpTrace Information: 0 : 11676, 12, 2023/06/27, 04:23:02.326, 287002462407, vstest.console.dll, TestRunRequest:SendTestRunMessage: Completed.
TpTrace Verbose: 0 : 11676, 12, 2023/06/27, 04:23:02.326, 287002462562, vstest.console.dll, MulticastDelegateUtilities.SafeInvoke: LengthPrefixCommunicationChannel: MessageReceived: Invoking callback 1/1 for Microsoft.VisualStudio.TestPlatform.CommunicationUtilities.TestRequestSender+<>c__DisplayClass34_0., took 0 ms.
TpTrace Verbose: 0 : 11676, 12, 2023/06/27, 04:23:02.326, 287002462717, vstest.console.dll, TcpClientExtensions.MessageLoopAsync: Polling on remoteEndPoint: 127.0.0.1:61598 localEndPoint: 127.0.0.1:61597
TpTrace Verbose: 0 : 11676, 12, 2023/06/27, 04:23:02.326, 287002462904, vstest.console.dll, TcpClientExtensions.MessageLoopAsync: NotifyDataAvailable remoteEndPoint: 127.0.0.1:61598 localEndPoint: 127.0.0.1:61597
TpTrace Verbose: 0 : 11676, 4, 2023/06/27, 04:23:02.326, 287002462874, vstest.console.dll, MulticastDelegateUtilities.SafeInvoke: InternalTestLoggerEvents.SendTestRunMessage: Invoking callback 1/1 for Microsoft.VisualStudio.TestPlatform.CommandLine.Internal.ConsoleLogger., took 0 ms.
TpTrace Verbose: 0 : 11676, 12, 2023/06/27, 04:23:02.326, 287002463189, vstest.console.dll, TestRequestSender.OnExecutionMessageReceived: Received message: {"Version":7,"MessageType":"TestSession.Message","Payload":{"MessageLevel":0,"Message":"[xUnit.net 00:00:02.00]       Expected: [null, 0, 2, 3, 4, ...]"}}
TpTrace Verbose: 0 : 11676, 12, 2023/06/27, 04:23:02.326, 287002464471, vstest.console.dll, TestRunRequest:SendTestRunMessage: Starting.
TpTrace Verbose: 0 : 11676, 12, 2023/06/27, 04:23:02.326, 287002464794, vstest.console.dll, MulticastDelegateUtilities.SafeInvoke: TestRun.LogMessages: Invoking callback 1/1 for Microsoft.VisualStudio.TestPlatform.CommandLine.TestRunResultAggregator., took 0 ms.
TpTrace Information: 0 : 11676, 12, 2023/06/27, 04:23:02.326, 287002465062, vstest.console.dll, TestRunRequest:SendTestRunMessage: Completed.
TpTrace Verbose: 0 : 11676, 4, 2023/06/27, 04:23:02.326, 287002465136, vstest.console.dll, MulticastDelegateUtilities.SafeInvoke: InternalTestLoggerEvents.SendTestRunMessage: Invoking callback 1/1 for Microsoft.VisualStudio.TestPlatform.CommandLine.Internal.ConsoleLogger., took 0 ms.
TpTrace Verbose: 0 : 11676, 12, 2023/06/27, 04:23:02.326, 287002465228, vstest.console.dll, MulticastDelegateUtilities.SafeInvoke: LengthPrefixCommunicationChannel: MessageReceived: Invoking callback 1/1 for Microsoft.VisualStudio.TestPlatform.CommunicationUtilities.TestRequestSender+<>c__DisplayClass34_0., took 0 ms.
TpTrace Verbose: 0 : 11676, 12, 2023/06/27, 04:23:02.326, 287002466808, vstest.console.dll, TcpClientExtensions.MessageLoopAsync: Polling on remoteEndPoint: 127.0.0.1:61598 localEndPoint: 127.0.0.1:61597
TpTrace Verbose: 0 : 11676, 12, 2023/06/27, 04:23:02.326, 287002467422, vstest.console.dll, TcpClientExtensions.MessageLoopAsync: NotifyDataAvailable remoteEndPoint: 127.0.0.1:61598 localEndPoint: 127.0.0.1:61597
TpTrace Verbose: 0 : 11676, 12, 2023/06/27, 04:23:02.326, 287002468064, vstest.console.dll, TestRequestSender.OnExecutionMessageReceived: Received message: {"Version":7,"MessageType":"TestSession.Message","Payload":{"MessageLevel":0,"Message":"[xUnit.net 00:00:02.00]       Actual:   [null, 0, 1]"}}
TpTrace Verbose: 0 : 11676, 12, 2023/06/27, 04:23:02.326, 287002469016, vstest.console.dll, TestRunRequest:SendTestRunMessage: Starting.
TpTrace Verbose: 0 : 11676, 12, 2023/06/27, 04:23:02.326, 287002469562, vstest.console.dll, MulticastDelegateUtilities.SafeInvoke: TestRun.LogMessages: Invoking callback 1/1 for Microsoft.VisualStudio.TestPlatform.CommandLine.TestRunResultAggregator., took 0 ms.
TpTrace Information: 0 : 11676, 12, 2023/06/27, 04:23:02.326, 287002469905, vstest.console.dll, TestRunRequest:SendTestRunMessage: Completed.
TpTrace Verbose: 0 : 11676, 4, 2023/06/27, 04:23:02.326, 287002470142, vstest.console.dll, MulticastDelegateUtilities.SafeInvoke: InternalTestLoggerEvents.SendTestRunMessage: Invoking callback 1/1 for Microsoft.VisualStudio.TestPlatform.CommandLine.Internal.ConsoleLogger., took 0 ms.
TpTrace Verbose: 0 : 11676, 12, 2023/06/27, 04:23:02.327, 287002470305, vstest.console.dll, MulticastDelegateUtilities.SafeInvoke: LengthPrefixCommunicationChannel: MessageReceived: Invoking callback 1/1 for Microsoft.VisualStudio.TestPlatform.CommunicationUtilities.TestRequestSender+<>c__DisplayClass34_0., took 0 ms.
TpTrace Verbose: 0 : 11676, 12, 2023/06/27, 04:23:02.327, 287002471457, vstest.console.dll, TcpClientExtensions.MessageLoopAsync: Polling on remoteEndPoint: 127.0.0.1:61598 localEndPoint: 127.0.0.1:61597
TpTrace Verbose: 0 : 11676, 12, 2023/06/27, 04:23:02.327, 287002471739, vstest.console.dll, TcpClientExtensions.MessageLoopAsync: NotifyDataAvailable remoteEndPoint: 127.0.0.1:61598 localEndPoint: 127.0.0.1:61597
TpTrace Verbose: 0 : 11676, 12, 2023/06/27, 04:23:02.327, 287002472083, vstest.console.dll, TestRequestSender.OnExecutionMessageReceived: Received message: {"Version":7,"MessageType":"TestSession.Message","Payload":{"MessageLevel":0,"Message":"[xUnit.net 00:00:02.00]                           ↑ (pos 2)"}}
TpTrace Verbose: 0 : 11676, 12, 2023/06/27, 04:23:02.327, 287002472574, vstest.console.dll, TestRunRequest:SendTestRunMessage: Starting.
TpTrace Verbose: 0 : 11676, 12, 2023/06/27, 04:23:02.327, 287002472835, vstest.console.dll, MulticastDelegateUtilities.SafeInvoke: TestRun.LogMessages: Invoking callback 1/1 for Microsoft.VisualStudio.TestPlatform.CommandLine.TestRunResultAggregator., took 0 ms.
TpTrace Information: 0 : 11676, 12, 2023/06/27, 04:23:02.327, 287002472994, vstest.console.dll, TestRunRequest:SendTestRunMessage: Completed.
TpTrace Verbose: 0 : 11676, 12, 2023/06/27, 04:23:02.327, 287002473201, vstest.console.dll, MulticastDelegateUtilities.SafeInvoke: LengthPrefixCommunicationChannel: MessageReceived: Invoking callback 1/1 for Microsoft.VisualStudio.TestPlatform.CommunicationUtilities.TestRequestSender+<>c__DisplayClass34_0., took 0 ms.
TpTrace Verbose: 0 : 11676, 12, 2023/06/27, 04:23:02.327, 287002473381, vstest.console.dll, TcpClientExtensions.MessageLoopAsync: Polling on remoteEndPoint: 127.0.0.1:61598 localEndPoint: 127.0.0.1:61597
TpTrace Verbose: 0 : 11676, 4, 2023/06/27, 04:23:02.327, 287002473200, vstest.console.dll, MulticastDelegateUtilities.SafeInvoke: InternalTestLoggerEvents.SendTestRunMessage: Invoking callback 1/1 for Microsoft.VisualStudio.TestPlatform.CommandLine.Internal.ConsoleLogger., took 0 ms.
TpTrace Verbose: 0 : 11676, 12, 2023/06/27, 04:23:02.327, 287002473565, vstest.console.dll, TcpClientExtensions.MessageLoopAsync: NotifyDataAvailable remoteEndPoint: 127.0.0.1:61598 localEndPoint: 127.0.0.1:61597
TpTrace Verbose: 0 : 11676, 12, 2023/06/27, 04:23:02.327, 287002474353, vstest.console.dll, TestRequestSender.OnExecutionMessageReceived: Received message: {"Version":7,"MessageType":"TestSession.Message","Payload":{"MessageLevel":0,"Message":"[xUnit.net 00:00:02.00]       Stack Trace:"}}
TpTrace Verbose: 0 : 11676, 12, 2023/06/27, 04:23:02.327, 287002474825, vstest.console.dll, TestRunRequest:SendTestRunMessage: Starting.
TpTrace Verbose: 0 : 11676, 12, 2023/06/27, 04:23:02.327, 287002475077, vstest.console.dll, MulticastDelegateUtilities.SafeInvoke: TestRun.LogMessages: Invoking callback 1/1 for Microsoft.VisualStudio.TestPlatform.CommandLine.TestRunResultAggregator., took 0 ms.
TpTrace Information: 0 : 11676, 12, 2023/06/27, 04:23:02.327, 287002475235, vstest.console.dll, TestRunRequest:SendTestRunMessage: Completed.
TpTrace Verbose: 0 : 11676, 4, 2023/06/27, 04:23:02.327, 287002475330, vstest.console.dll, MulticastDelegateUtilities.SafeInvoke: InternalTestLoggerEvents.SendTestRunMessage: Invoking callback 1/1 for Microsoft.VisualStudio.TestPlatform.CommandLine.Internal.ConsoleLogger., took 0 ms.
TpTrace Verbose: 0 : 11676, 12, 2023/06/27, 04:23:02.327, 287002475417, vstest.console.dll, MulticastDelegateUtilities.SafeInvoke: LengthPrefixCommunicationChannel: MessageReceived: Invoking callback 1/1 for Microsoft.VisualStudio.TestPlatform.CommunicationUtilities.TestRequestSender+<>c__DisplayClass34_0., took 0 ms.
TpTrace Verbose: 0 : 11676, 12, 2023/06/27, 04:23:02.327, 287002476021, vstest.console.dll, TcpClientExtensions.MessageLoopAsync: Polling on remoteEndPoint: 127.0.0.1:61598 localEndPoint: 127.0.0.1:61597
TpTrace Verbose: 0 : 11676, 12, 2023/06/27, 04:23:02.328, 287002482394, vstest.console.dll, TcpClientExtensions.MessageLoopAsync: NotifyDataAvailable remoteEndPoint: 127.0.0.1:61598 localEndPoint: 127.0.0.1:61597
TpTrace Verbose: 0 : 11676, 12, 2023/06/27, 04:23:02.328, 287002482975, vstest.console.dll, TestRequestSender.OnExecutionMessageReceived: Received message: {"Version":7,"MessageType":"TestSession.Message","Payload":{"MessageLevel":0,"Message":"[xUnit.net 00:00:02.00]         D:\\GitHub\\course_work_2\\MusicSchoolEF\\TestProject1\\StudentNodesTest.cs(79,0): at TestProject1.StudentNodesTest.GetStudentNodesTree1()"}}
TpTrace Verbose: 0 : 11676, 12, 2023/06/27, 04:23:02.328, 287002483585, vstest.console.dll, TestRunRequest:SendTestRunMessage: Starting.
TpTrace Verbose: 0 : 11676, 12, 2023/06/27, 04:23:02.328, 287002483873, vstest.console.dll, MulticastDelegateUtilities.SafeInvoke: TestRun.LogMessages: Invoking callback 1/1 for Microsoft.VisualStudio.TestPlatform.CommandLine.TestRunResultAggregator., took 0 ms.
TpTrace Information: 0 : 11676, 12, 2023/06/27, 04:23:02.328, 287002484075, vstest.console.dll, TestRunRequest:SendTestRunMessage: Completed.
TpTrace Verbose: 0 : 11676, 4, 2023/06/27, 04:23:02.328, 287002484117, vstest.console.dll, MulticastDelegateUtilities.SafeInvoke: InternalTestLoggerEvents.SendTestRunMessage: Invoking callback 1/1 for Microsoft.VisualStudio.TestPlatform.CommandLine.Internal.ConsoleLogger., took 0 ms.
TpTrace Verbose: 0 : 11676, 12, 2023/06/27, 04:23:02.328, 287002484227, vstest.console.dll, MulticastDelegateUtilities.SafeInvoke: LengthPrefixCommunicationChannel: MessageReceived: Invoking callback 1/1 for Microsoft.VisualStudio.TestPlatform.CommunicationUtilities.TestRequestSender+<>c__DisplayClass34_0., took 0 ms.
TpTrace Verbose: 0 : 11676, 12, 2023/06/27, 04:23:02.328, 287002484871, vstest.console.dll, TcpClientExtensions.MessageLoopAsync: Polling on remoteEndPoint: 127.0.0.1:61598 localEndPoint: 127.0.0.1:61597
TpTrace Verbose: 0 : 11676, 12, 2023/06/27, 04:23:02.331, 287002511825, vstest.console.dll, TcpClientExtensions.MessageLoopAsync: NotifyDataAvailable remoteEndPoint: 127.0.0.1:61598 localEndPoint: 127.0.0.1:61597
TpTrace Verbose: 0 : 11676, 12, 2023/06/27, 04:23:02.331, 287002513443, vstest.console.dll, TestRequestSender.OnExecutionMessageReceived: Received message: {"Version":7,"MessageType":"TestSession.Message","Payload":{"MessageLevel":0,"Message":"[xUnit.net 00:00:02.00]   Finished:    TestProject1"}}
TpTrace Verbose: 0 : 11676, 12, 2023/06/27, 04:23:02.331, 287002514345, vstest.console.dll, TestRunRequest:SendTestRunMessage: Starting.
TpTrace Verbose: 0 : 11676, 12, 2023/06/27, 04:23:02.331, 287002514712, vstest.console.dll, MulticastDelegateUtilities.SafeInvoke: TestRun.LogMessages: Invoking callback 1/1 for Microsoft.VisualStudio.TestPlatform.CommandLine.TestRunResultAggregator., took 0 ms.
TpTrace Information: 0 : 11676, 12, 2023/06/27, 04:23:02.331, 287002514931, vstest.console.dll, TestRunRequest:SendTestRunMessage: Completed.
TpTrace Verbose: 0 : 11676, 12, 2023/06/27, 04:23:02.331, 287002515097, vstest.console.dll, MulticastDelegateUtilities.SafeInvoke: LengthPrefixCommunicationChannel: MessageReceived: Invoking callback 1/1 for Microsoft.VisualStudio.TestPlatform.CommunicationUtilities.TestRequestSender+<>c__DisplayClass34_0., took 0 ms.
TpTrace Verbose: 0 : 11676, 12, 2023/06/27, 04:23:02.331, 287002515273, vstest.console.dll, TcpClientExtensions.MessageLoopAsync: Polling on remoteEndPoint: 127.0.0.1:61598 localEndPoint: 127.0.0.1:61597
TpTrace Verbose: 0 : 11676, 4, 2023/06/27, 04:23:02.331, 287002515230, vstest.console.dll, MulticastDelegateUtilities.SafeInvoke: InternalTestLoggerEvents.SendTestRunMessage: Invoking callback 1/1 for Microsoft.VisualStudio.TestPlatform.CommandLine.Internal.ConsoleLogger., took 0 ms.
TpTrace Verbose: 0 : 11676, 12, 2023/06/27, 04:23:02.347, 287002673657, vstest.console.dll, TcpClientExtensions.MessageLoopAsync: NotifyDataAvailable remoteEndPoint: 127.0.0.1:61598 localEndPoint: 127.0.0.1:61597
TpTrace Verbose: 0 : 11676, 12, 2023/06/27, 04:23:02.347, 287002675964, vstest.console.dll, TestRequestSender.OnExecutionMessageReceived: Received message: {"Version":7,"MessageType":"TestExecution.Completed","Payload":{"TestRunCompleteArgs":{"TestRunStatistics":{"ExecutedTests":15,"Stats":{"Passed":14,"Failed":1}},"IsCanceled":false,"IsAborted":false,"Error":null,"AttachmentSets":[],"InvokedDataCollectors":[],"ElapsedTimeInRunningTests":"00:00:02.0152964","Metrics":{},"DiscoveredExtensions":{"TestDiscoverers":["Xunit.Runner.VisualStudio.VsTestRunner, xunit.runner.visualstudio.dotnetcore.testadapter, Version=2.4.0.0, Culture=neutral, PublicKeyToken=8d05b1bb7a6fdb6c"],"TestExecutors":["executor://xunit/VsTestRunner2/netcoreapp"],"TestExecutors2":[],"TestSettingsProviders":[]}},"LastRunTests":{"NewTestResults":[{"TestCase":{"Id":"45debe36-bc15-bbd4-9cac-6aab84042d82","FullyQualifiedName":"TestProject1.PasswordHelperTest.GetHashPasswordTest2","DisplayName":"TestProject1.PasswordHelperTest.GetHashPasswordTest2","ExecutorUri":"executor://xunit/VsTestRunner2/netcoreapp","Source":"D:\\GitHub\\course_work_2\\MusicSchoolEF\\TestProject1\\bin\\Debug\\net6.0\\fine-code-coverage\\build-output\\TestProject1.dll","CodeFilePath":null,"LineNumber":0,"Properties":[]},"Attachments":[],"Outcome":1,"ErrorMessage":null,"ErrorStackTrace":null,"DisplayName":"TestProject1.PasswordHelperTest.GetHashPasswordTest2","Messages":[],"ComputerName":"DESKTOP-10AIDN4","Duration":"00:00:00.0000615","StartTime":"2023-06-26T23:23:02.3086892+00:00","EndTime":"2023-06-26T23:23:02.3086892+00:00","Properties":[]},{"TestCase":{"Id":"435a753d-6c98-83cb-4844-f9440b04d546","FullyQualifiedName":"TestProject1.StringHelperTest.MyTrim4","DisplayName":"TestProject1.StringHelperTest.MyTrim4","ExecutorUri":"executor://xunit/VsTestRunner2/netcoreapp","Source":"D:\\GitHub\\course_work_2\\MusicSchoolEF\\TestProject1\\bin\\Debug\\net6.0\\fine-code-coverage\\build-output\\TestProject1.dll","CodeFilePath":null,"LineNumber":0,"Properties":[]},"Attachments":[],"Outcome":1,"ErrorMessage":null,"ErrorStackTrace":null,"DisplayName":"TestProject1.StringHelperTest.MyTrim4","Messages":[],"ComputerName":"DESKTOP-10AIDN4","Duration":"00:00:00.0004097","StartTime":"2023-06-26T23:23:02.3097509+00:00","EndTime":"2023-06-26T23:23:02.3097509+00:00","Properties":[]},{"TestCase":{"Id":"4a92ca00-8a69-ada3-ba69-f47f0a1186d5","FullyQualifiedName":"TestProject1.StringHelperTest.MyTrim7","DisplayName":"TestProject1.StringHelperTest.MyTrim7","ExecutorUri":"executor://xunit/VsTestRunner2/netcoreapp","Source":"D:\\GitHub\\course_work_2\\MusicSchoolEF\\TestProject1\\bin\\Debug\\net6.0\\fine-code-coverage\\build-output\\TestProject1.dll","CodeFilePath":null,"LineNumber":0,"Properties":[]},"Attachments":[],"Outcome":1,"ErrorMessage":null,"ErrorStackTrace":null,"DisplayName":"TestProject1.StringHelperTest.MyTrim7","Messages":[],"ComputerName":"DESKTOP-10AIDN4","Duration":"00:00:00.0000785","StartTime":"2023-06-26T23:23:02.3116366+00:00","EndTime":"2023-06-26T23:23:02.3116366+00:00","Properties":[]},{"TestCase":{"Id":"c7108d3f-fad4-2161-a98a-2266e4281ea9","FullyQualifiedName":"TestProject1.StringHelperTest.MyTrim5","DisplayName":"TestProject1.StringHelperTest.MyTrim5","ExecutorUri":"executor://xunit/VsTestRunner2/netcoreapp","Source":"D:\\GitHub\\course_work_2\\MusicSchoolEF\\TestProject1\\bin\\Debug\\net6.0\\fine-code-coverage\\build-output\\TestProject1.dll","CodeFilePath":null,"LineNumber":0,"Properties":[]},"Attachments":[],"Outcome":1,"ErrorMessage":null,"ErrorStackTrace":null,"DisplayName":"TestProject1.StringHelperTest.MyTrim5","Messages":[],"ComputerName":"DESKTOP-10AIDN4","Duration":"00:00:00.0000536","StartTime":"2023-06-26T23:23:02.3137916+00:00","EndTime":"2023-06-26T23:23:02.3137916+00:00","Properties":[]},{"TestCase":{"Id":"eb8be9f6-bdc7-8440-0d1e-5e662568bf66","FullyQualifiedName":"TestProject1.StringHelperTest.MyTrim1","DisplayName":"TestProject1.StringHelperTest.MyTrim1","ExecutorUri":"executor://xunit/VsTestRunner2/netcoreapp","Source":"D:\\GitHub\\course_work_2\\MusicSchoolEF\\TestProject1\\bin\\Debug\\net6.0\\fine-code-coverage\\build-output\\TestProject1.dll","CodeFilePath":null,"LineNumber":0,"Properties":[]},"Attachments":[],"Outcome":1,"ErrorMessage":null,"ErrorStackTrace":null,"DisplayName":"TestProject1.StringHelperTest.MyTrim1","Messages":[],"ComputerName":"DESKTOP-10AIDN4","Duration":"00:00:00.0000561","StartTime":"2023-06-26T23:23:02.3158434+00:00","EndTime":"2023-06-26T23:23:02.3158435+00:00","Properties":[]},{"TestCase":{"Id":"db87159b-4bb9-e0cf-592f-3b285cba2eea","FullyQualifiedName":"TestProject1.StringHelperTest.MyTrim3","DisplayName":"TestProject1.StringHelperTest.MyTrim3","ExecutorUri":"executor://xunit/VsTestRunner2/netcoreapp","Source":"D:\\GitHub\\course_work_2\\MusicSchoolEF\\TestProject1\\bin\\Debug\\net6.0\\fine-code-coverage\\build-output\\TestProject1.dll","CodeFilePath":null,"LineNumber":0,"Properties":[]},"Attachments":[],"Outcome":1,"ErrorMessage":null,"ErrorStackTrace":null,"DisplayName":"TestProject1.StringHelperTest.MyTrim3","Messages":[],"ComputerName":"DESKTOP-10AIDN4","Duration":"00:00:00.0000564","StartTime":"2023-06-26T23:23:02.3179703+00:00","EndTime":"2023-06-26T23:23:02.3179703+00:00","Properties":[]},{"TestCase":{"Id":"90deedc1-ad1e-6531-d2c9-abf9e31b86b1","FullyQualifiedName":"TestProject1.StringHelperTest.MyTrim8","DisplayName":"TestProject1.StringHelperTest.MyTrim8","ExecutorUri":"executor://xunit/VsTestRunner2/netcoreapp","Source":"D:\\GitHub\\course_work_2\\MusicSchoolEF\\TestProject1\\bin\\Debug\\net6.0\\fine-code-coverage\\build-output\\TestProject1.dll","CodeFilePath":null,"LineNumber":0,"Properties":[]},"Attachments":[],"Outcome":1,"ErrorMessage":null,"ErrorStackTrace":null,"DisplayName":"TestProject1.StringHelperTest.MyTrim8","Messages":[],"ComputerName":"DESKTOP-10AIDN4","Duration":"00:00:00.0000502","StartTime":"2023-06-26T23:23:02.319893+00:00","EndTime":"2023-06-26T23:23:02.3198931+00:00","Properties":[]},{"TestCase":{"Id":"4b80bb8f-1eec-cf4f-e898-304904fde7a1","FullyQualifiedName":"TestProject1.StudentNodesTest.GetStudentNodesTree1","DisplayName":"TestProject1.StudentNodesTest.GetStudentNodesTree1","ExecutorUri":"executor://xunit/VsTestRunner2/netcoreapp","Source":"D:\\GitHub\\course_work_2\\MusicSchoolEF\\TestProject1\\bin\\Debug\\net6.0\\fine-code-coverage\\build-output\\TestProject1.dll","CodeFilePath":null,"LineNumber":0,"Properties":[]},"Attachments":[],"Outcome":2,"ErrorMessage":"Assert.Equal() Failure\r\n                    ↓ (pos 2)\r\nExpected: [null, 0, 2, 3, 4, ...]\r\nActual:   [null, 0, 1]\r\n                    ↑ (pos 2)","ErrorStackTrace":"   at TestProject1.StudentNodesTest.GetStudentNodesTree1() in D:\\GitHub\\course_work_2\\MusicSchoolEF\\TestProject1\\StudentNodesTest.cs:line 79","DisplayName":"TestProject1.StudentNodesTest.GetStudentNodesTree1","Messages":[],"ComputerName":"DESKTOP-10AIDN4","Duration":"00:00:00.0144650","StartTime":"2023-06-26T23:23:02.3288848+00:00","EndTime":"2023-06-26T23:23:02.3288848+00:00","Properties":[]}],"TestRunStatistics":{"ExecutedTests":15,"Stats":{"Passed":14,"Failed":1}},"ActiveTests":[]},"RunAttachments":[],"ExecutorUris":["executor://xunit/VsTestRunner2/netcoreapp"]}}
TpTrace Verbose: 0 : 11676, 12, 2023/06/27, 04:23:02.347, 287002677022, vstest.console.dll, TestRequestSender.EndSession: Sending end session.
TpTrace Verbose: 0 : 11676, 12, 2023/06/27, 04:23:02.347, 287002678281, vstest.console.dll, ProxyOperationManager.Close: waiting for test host to exit for 100 ms
TpTrace Warning: 0 : 11676, 11, 2023/06/27, 04:23:02.370, 287002901278, vstest.console.dll, TestHostManagerCallbacks.ErrorReceivedCallback Test host standard error line: 
TpTrace Verbose: 0 : 11676, 11, 2023/06/27, 04:23:02.387, 287003079738, vstest.console.dll, TestHostProvider.ExitCallBack: Host exited starting callback.
TpTrace Information: 0 : 11676, 11, 2023/06/27, 04:23:02.388, 287003081300, vstest.console.dll, TestHostManagerCallbacks.ExitCallBack: Testhost processId: 18792 exited with exitcode: 0 error: ''
TpTrace Verbose: 0 : 11676, 11, 2023/06/27, 04:23:02.388, 287003081616, vstest.console.dll, DotnetTestHostManager.OnHostExited: invoking OnHostExited callback
TpTrace Verbose: 0 : 11676, 11, 2023/06/27, 04:23:02.388, 287003081965, vstest.console.dll, CrossPlatEngine.TestHostManagerHostExited: calling on client process exit callback.
TpTrace Information: 0 : 11676, 11, 2023/06/27, 04:23:02.388, 287003082288, vstest.console.dll, TestRequestSender.OnClientProcessExit: Test host process exited. Standard error: 
TpTrace Information: 0 : 11676, 11, 2023/06/27, 04:23:02.388, 287003082520, vstest.console.dll, SocketServer.Stop: Stop server endPoint: 127.0.0.1:61597
TpTrace Information: 0 : 11676, 11, 2023/06/27, 04:23:02.388, 287003082709, vstest.console.dll, SocketServer.Stop: Cancellation requested. Stopping message loop.
TpTrace Verbose: 0 : 11676, 11, 2023/06/27, 04:23:02.388, 287003083268, vstest.console.dll, MulticastDelegateUtilities.SafeInvoke: HostProviderEvents.OnHostExited: Invoking callback 1/1 for Microsoft.VisualStudio.TestPlatform.CrossPlatEngine.Client.ProxyOperationManager., took 0 ms.
TpTrace Information: 0 : 11676, 12, 2023/06/27, 04:23:02.388, 287003084082, vstest.console.dll, SocketServer.Stop: Stop server endPoint: 127.0.0.1:61597
TpTrace Information: 0 : 11676, 12, 2023/06/27, 04:23:02.388, 287003085160, vstest.console.dll, SocketServer.Stop: Cancellation requested. Stopping message loop.
TpTrace Information: 0 : 11676, 12, 2023/06/27, 04:23:02.388, 287003085719, vstest.console.dll, Closing the connection
TpTrace Verbose: 0 : 11676, 12, 2023/06/27, 04:23:02.389, 287003091691, vstest.console.dll, ProxyDataCollectionManager.InvokeDataCollectionServiceAction: Starting.
TpTrace Information: 0 : 11676, 12, 2023/06/27, 04:23:02.389, 287003092984, vstest.console.dll, ProxyDataCollectionManager.AfterTestRunEnd: Get attachment set and invoked data collectors processId: 6048 port: 61594
TpTrace Verbose: 0 : 11676, 12, 2023/06/27, 04:23:02.389, 287003093423, vstest.console.dll, DataCollectionRequestSender.SendAfterTestRunStartAndGetResult: Send AfterTestRunEnd message with isCancelled: False
TpTrace Verbose: 0 : 11676, 12, 2023/06/27, 04:23:02.399, 287003192862, vstest.console.dll, DataCollectionRequestSender.SendAfterTestRunStartAndGetResult: Received message: (DataCollection.AfterTestRunEndResult) -> {"MessageType":"DataCollection.AfterTestRunEndResult","Payload":{"AttachmentSets":[],"InvokedDataCollectors":[{"Uri":"datacollector://Microsoft/TestPlatform/Extensions/Blame/v1","FriendlyName":"Blame","AssemblyQualifiedName":"Microsoft.TestPlatform.Extensions.BlameDataCollector.BlameCollector, Microsoft.TestPlatform.Extensions.BlameDataCollector, Version=15.0.0.0, Culture=neutral, PublicKeyToken=b03f5f7f11d50a3a","FilePath":"C:\\Program Files\\dotnet\\sdk\\7.0.203\\Extensions\\Microsoft.TestPlatform.Extensions.BlameDataCollector.dll","HasAttachmentProcessor":false}],"Metrics":{}}}
TpTrace Information: 0 : 11676, 12, 2023/06/27, 04:23:02.405, 287003259356, vstest.console.dll, ProxyDataCollectionManager.InvokeDataCollectionServiceAction: Completed.
TpTrace Warning: 0 : 11676, 9, 2023/06/27, 04:23:02.414, 287003349251, vstest.console.dll, DataCollectionLauncher.ErrorReceivedCallback datacollector standard error line: 
TpTrace Information: 0 : 11676, 9, 2023/06/27, 04:23:02.421, 287003411611, vstest.console.dll, DataCollectionLauncher.ExitCallBack: Data collector exited with exitcode: 0 error: ''
TpTrace Verbose: 0 : 11676, 12, 2023/06/27, 04:23:02.466, 287003860405, vstest.console.dll, TestRunRequest:SendTestRunStatsChange: Starting.
TpTrace Verbose: 0 : 11676, 12, 2023/06/27, 04:23:02.466, 287003862746, vstest.console.dll, MulticastDelegateUtilities.SafeInvoke: TestRun.RunStatsChanged: Invoking callbacks was skipped because there are no subscribers.
TpTrace Information: 0 : 11676, 12, 2023/06/27, 04:23:02.466, 287003863098, vstest.console.dll, TestRunRequest:SendTestRunStatsChange: Completed.
TpTrace Verbose: 0 : 11676, 12, 2023/06/27, 04:23:02.466, 287003867425, vstest.console.dll, ParallelProxyExecutionManager: HandlePartialRunComplete: Total completed clients = 1, Run complete = True, Run canceled: False.
TpTrace Verbose: 0 : 11676, 4, 2023/06/27, 04:23:02.467, 287003871155, vstest.console.dll, MulticastDelegateUtilities.SafeInvoke: InternalTestLoggerEvents.SendTestResult: Invoking callback 1/1 for Microsoft.VisualStudio.TestPlatform.CommandLine.Internal.ConsoleLogger., took 0 ms.
TpTrace Verbose: 0 : 11676, 4, 2023/06/27, 04:23:02.467, 287003872349, vstest.console.dll, MulticastDelegateUtilities.SafeInvoke: InternalTestLoggerEvents.SendTestResult: Invoking callback 1/1 for Microsoft.VisualStudio.TestPlatform.CommandLine.Internal.ConsoleLogger., took 0 ms.
TpTrace Verbose: 0 : 11676, 4, 2023/06/27, 04:23:02.467, 287003872665, vstest.console.dll, MulticastDelegateUtilities.SafeInvoke: InternalTestLoggerEvents.SendTestResult: Invoking callback 1/1 for Microsoft.VisualStudio.TestPlatform.CommandLine.Internal.ConsoleLogger., took 0 ms.
TpTrace Verbose: 0 : 11676, 4, 2023/06/27, 04:23:02.467, 287003872908, vstest.console.dll, MulticastDelegateUtilities.SafeInvoke: InternalTestLoggerEvents.SendTestResult: Invoking callback 1/1 for Microsoft.VisualStudio.TestPlatform.CommandLine.Internal.ConsoleLogger., took 0 ms.
TpTrace Verbose: 0 : 11676, 4, 2023/06/27, 04:23:02.467, 287003873135, vstest.console.dll, MulticastDelegateUtilities.SafeInvoke: InternalTestLoggerEvents.SendTestResult: Invoking callback 1/1 for Microsoft.VisualStudio.TestPlatform.CommandLine.Internal.ConsoleLogger., took 0 ms.
TpTrace Verbose: 0 : 11676, 4, 2023/06/27, 04:23:02.467, 287003873355, vstest.console.dll, MulticastDelegateUtilities.SafeInvoke: InternalTestLoggerEvents.SendTestResult: Invoking callback 1/1 for Microsoft.VisualStudio.TestPlatform.CommandLine.Internal.ConsoleLogger., took 0 ms.
TpTrace Verbose: 0 : 11676, 4, 2023/06/27, 04:23:02.467, 287003873560, vstest.console.dll, MulticastDelegateUtilities.SafeInvoke: InternalTestLoggerEvents.SendTestResult: Invoking callback 1/1 for Microsoft.VisualStudio.TestPlatform.CommandLine.Internal.ConsoleLogger., took 0 ms.
TpTrace Verbose: 0 : 11676, 4, 2023/06/27, 04:23:02.468, 287003880853, vstest.console.dll, MulticastDelegateUtilities.SafeInvoke: InternalTestLoggerEvents.SendTestResult: Invoking callback 1/1 for Microsoft.VisualStudio.TestPlatform.CommandLine.Internal.ConsoleLogger., took 0 ms.
TpTrace Verbose: 0 : 11676, 4, 2023/06/27, 04:23:02.476, 287003964552, vstest.console.dll, MulticastDelegateUtilities.SafeInvoke: InternalTestLoggerEvents.SendTestRunComplete: Invoking callback 1/2 for Microsoft.TestPlatform.Extensions.BlameDataCollector.BlameLogger., took 0 ms.
TpTrace Verbose: 0 : 11676, 4, 2023/06/27, 04:23:02.482, 287004025793, vstest.console.dll, MulticastDelegateUtilities.SafeInvoke: InternalTestLoggerEvents.SendTestRunComplete: Invoking callback 2/2 for Microsoft.VisualStudio.TestPlatform.CommandLine.Internal.ConsoleLogger., took 6 ms.
TpTrace Verbose: 0 : 11676, 12, 2023/06/27, 04:23:02.483, 287004030365, vstest.console.dll, TestRunRequest:TestRunComplete: Starting. IsAborted:False IsCanceled:False.
TpTrace Verbose: 0 : 11676, 12, 2023/06/27, 04:23:02.484, 287004047709, vstest.console.dll, TestLoggerManager.HandleTestRunComplete: Ignoring as the object is disposed.
TpTrace Verbose: 0 : 11676, 12, 2023/06/27, 04:23:02.485, 287004051302, vstest.console.dll, MulticastDelegateUtilities.SafeInvoke: TestRun.TestRunComplete: Invoking callback 1/2 for Microsoft.VisualStudio.TestPlatform.CommandLine.TestRunResultAggregator., took 0 ms.
TpTrace Verbose: 0 : 11676, 12, 2023/06/27, 04:23:02.485, 287004053230, vstest.console.dll, MulticastDelegateUtilities.SafeInvoke: TestRun.TestRunComplete: Invoking callback 2/2 for Microsoft.VisualStudio.TestPlatform.CommandLine.Processors.RunTestsArgumentExecutor+TestRunRequestEventsRegistrar., took 0 ms.
TpTrace Information: 0 : 11676, 12, 2023/06/27, 04:23:02.485, 287004054307, vstest.console.dll, TestRunRequest:TestRunComplete: Completed.
TpTrace Verbose: 0 : 11676, 12, 2023/06/27, 04:23:02.485, 287004054884, vstest.console.dll, TestRequestSender.SetOperationComplete: Setting operation complete.
TpTrace Verbose: 0 : 11676, 1, 2023/06/27, 04:23:02.485, 287004055066, vstest.console.dll, TestRunRequest.Dispose: Starting.
TpTrace Information: 0 : 11676, 12, 2023/06/27, 04:23:02.485, 287004055174, vstest.console.dll, SocketServer.Stop: Stop server endPoint: 127.0.0.1:61597
TpTrace Information: 0 : 11676, 1, 2023/06/27, 04:23:02.485, 287004055685, vstest.console.dll, TestRunRequest.Dispose: Completed.
TpTrace Information: 0 : 11676, 12, 2023/06/27, 04:23:02.485, 287004055984, vstest.console.dll, SocketServer.Stop: Cancellation requested. Stopping message loop.
TpTrace Information: 0 : 11676, 1, 2023/06/27, 04:23:02.485, 287004056547, vstest.console.dll, TestRequestManager.RunTests: run tests completed.
TpTrace Verbose: 0 : 11676, 12, 2023/06/27, 04:23:02.485, 287004056790, vstest.console.dll, MulticastDelegateUtilities.SafeInvoke: LengthPrefixCommunicationChannel: MessageReceived: Invoking callback 1/1 for Microsoft.VisualStudio.TestPlatform.CommunicationUtilities.TestRequestSender+<>c__DisplayClass34_0., took 138 ms.
TpTrace Information: 0 : 11676, 12, 2023/06/27, 04:23:02.485, 287004057275, vstest.console.dll, SocketServer.PrivateStop: Stopping server endPoint: 127.0.0.1:61597 error: 
TpTrace Information: 0 : 11676, 1, 2023/06/27, 04:23:02.485, 287004058010, vstest.console.dll, RunTestsArgumentProcessor:Execute: Test run is completed.
TpTrace Verbose: 0 : 11676, 1, 2023/06/27, 04:23:02.485, 287004059786, vstest.console.dll, Executor.Execute: Exiting with exit code of 1
TpTrace Verbose: 0 : 11676, 12, 2023/06/27, 04:23:02.486, 287004061334, vstest.console.dll, LengthPrefixCommunicationChannel.Dispose: Dispose reader and writer.
TpTrace Information: 0 : 11676, 12, 2023/06/27, 04:23:02.486, 287004062012, vstest.console.dll, SocketServer.Stop: Raise disconnected event endPoint: 127.0.0.1:61597 error: 
TpTrace Verbose: 0 : 11676, 12, 2023/06/27, 04:23:02.486, 287004062955, vstest.console.dll, TestRequestSender: OnTestRunAbort: Operation is already complete. Skip error message.
TpTrace Verbose: 0 : 11676, 12, 2023/06/27, 04:23:02.486, 287004063391, vstest.console.dll, MulticastDelegateUtilities.SafeInvoke: SocketServer: ClientDisconnected: Invoking callback 1/1 for Microsoft.VisualStudio.TestPlatform.CommunicationUtilities.TestRequestSender., took 0 ms.
TpTrace Verbose: 0 : 11676, 12, 2023/06/27, 04:23:02.486, 287004063592, vstest.console.dll, TcpClientExtensions.MessageLoopAsync: exiting MessageLoopAsync remoteEndPoint: 127.0.0.1:61598 localEndPoint: 127.0.0.1:61597
